cocos2d.lib(CCGLViewImpl-desktop.obj) : error LNK2019: unresolved external symbol __imp_glewInit referenced in function "protected: bool __cdecl cocos2d::GLViewImpl::initGlew(void)" (?initGlew@GLViewImpl@cocos2d@@IEAA_NXZ)
cocos2d.lib(CCGLViewImpl-desktop.obj) : error LNK2019: unresolved external symbol __imp_glewIsSupported referenced in function "protected: bool __cdecl cocos2d::GLViewImpl::initGlew(void)" (?initGlew@GLViewImpl@cocos2d@@IEAA_NXZ)
cocos2d.lib(CCGLViewImpl-desktop.obj) : error LNK2019: unresolved external symbol __imp_glewGetErrorString referenced in function "protected: bool __cdecl cocos2d::GLViewImpl::initGlew(void)" (?initGlew@GLViewImpl@cocos2d@@IEAA_NXZ)
cocos2d.lib(CCGLViewImpl-desktop.obj) : error LNK2019: unresolved external symbol glfwInit referenced in function "protected: __cdecl cocos2d::GLViewImpl::GLViewImpl(bool)" (??0GLViewImpl@cocos2d@@IEAA@_N@Z)
cocos2d.lib(CCGLViewImpl-desktop.obj) : error LNK2019: unresolved external symbol glfwTerminate referenced in function "protected: virtual __cdecl cocos2d::GLViewImpl::~GLViewImpl(void)" (??1GLViewImpl@cocos2d@@MEAA@XZ)
cocos2d.lib(CCGLViewImpl-desktop.obj) : error LNK2019: unresolved external symbol glfwSetErrorCallback referenced in function "protected: __cdecl cocos2d::GLViewImpl::GLViewImpl(bool)" (??0GLViewImpl@cocos2d@@IEAA@_N@Z)
cocos2d.lib(CCGLViewImpl-desktop.obj) : error LNK2019: unresolved external symbol glfwGetMonitors referenced in function "public: void __cdecl cocos2d::GLViewImpl::setFullscreen(int)" (?setFullscreen@GLViewImpl@cocos2d@@QEAAXH@Z)
cocos2d.lib(CCGLViewImpl-desktop.obj) : error LNK2019: unresolved external symbol glfwGetPrimaryMonitor referenced in function "public: void __cdecl cocos2d::GLViewImpl::setFullscreen(void)" (?setFullscreen@GLViewImpl@cocos2d@@QEAAXXZ)
cocos2d.lib(CCGLViewImpl-desktop.obj) : error LNK2019: unresolved external symbol glfwGetMonitorPos referenced in function "public: void __cdecl cocos2d::GLViewImpl::setWindowed(int,int)" (?setWindowed@GLViewImpl@cocos2d@@QEAAXHH@Z)
cocos2d.lib(CCGLViewImpl-desktop.obj) : error LNK2019: unresolved external symbol glfwGetVideoMode referenced in function "public: void __cdecl cocos2d::GLViewImpl::setFullscreen(void)" (?setFullscreen@GLViewImpl@cocos2d@@QEAAXXZ)
cocos2d.lib(CCGLViewImpl-desktop.obj) : error LNK2019: unresolved external symbol glfwWindowHint referenced in function "protected: bool __cdecl cocos2d::GLViewImpl::initWithRect(class std::basic_string<char,struct std::char_traits<char>,class std::allocator<char> > const &,class cocos2d::Rect,float,bool)" (?initWithRect@GLViewImpl@cocos2d@@IEAA_NAEBV?$basic_string@DU?$char_traits@D@std@@V?$allocator@D@2@@std@@VRect@2@M_N@Z)
cocos2d.lib(CCGLViewImpl-desktop.obj) : error LNK2019: unresolved external symbol glfwCreateWindow referenced in function "protected: bool __cdecl cocos2d::GLViewImpl::initWithRect(class std::basic_string<char,struct std::char_traits<char>,class std::allocator<char> > const &,class cocos2d::Rect,float,bool)" (?initWithRect@GLViewImpl@cocos2d@@IEAA_NAEBV?$basic_string@DU?$char_traits@D@std@@V?$allocator@D@2@@std@@VRect@2@M_N@Z)
cocos2d.lib(CCGLViewImpl-desktop.obj) : error LNK2019: unresolved external symbol glfwWindowShouldClose referenced in function "public: virtual bool __cdecl cocos2d::GLViewImpl::windowShouldClose(void)" (?windowShouldClose@GLViewImpl@cocos2d@@UEAA_NXZ)
cocos2d.lib(CCGLViewImpl-desktop.obj) : error LNK2019: unresolved external symbol glfwSetWindowShouldClose referenced in function "public: virtual void __cdecl cocos2d::GLViewImpl::end(void)" (?end@GLViewImpl@cocos2d@@UEAAXXZ)
cocos2d.lib(CCGLViewImpl-desktop.obj) : error LNK2019: unresolved external symbol glfwSetWindowIcon referenced in function "public: virtual void __cdecl cocos2d::GLViewImpl::setIcon(class std::vector<class std::basic_string<char,struct std::char_traits<char>,class std::allocator<char> >,class std::allocator<class std::basic_string<char,struct std::char_traits<char>,class std::allocator<char> > > > const &)const " (?setIcon@GLViewImpl@cocos2d@@UEBAXAEBV?$vector@V?$basic_string@DU?$char_traits@D@std@@V?$allocator@D@2@@std@@V?$allocator@V?$basic_string@DU?$char_traits@D@std@@V?$allocator@D@2@@std@@@2@@std@@@Z)
cocos2d.lib(CCGLViewImpl-desktop.obj) : error LNK2019: unresolved external symbol glfwGetWindowSize referenced in function "protected: bool __cdecl cocos2d::GLViewImpl::initWithRect(class std::basic_string<char,struct std::char_traits<char>,class std::allocator<char> > const &,class cocos2d::Rect,float,bool)" (?initWithRect@GLViewImpl@cocos2d@@IEAA_NAEBV?$basic_string@DU?$char_traits@D@std@@V?$allocator@D@2@@std@@VRect@2@M_N@Z)
cocos2d.lib(CCGLViewImpl-desktop.obj) : error LNK2019: unresolved external symbol glfwSetWindowSize referenced in function "protected: void __cdecl cocos2d::GLViewImpl::updateFrameSize(void)" (?updateFrameSize@GLViewImpl@cocos2d@@IEAAXXZ)
cocos2d.lib(CCGLViewImpl-desktop.obj) : error LNK2019: unresolved external symbol glfwGetFramebufferSize referenced in function "protected: void __cdecl cocos2d::GLViewImpl::updateFrameSize(void)" (?updateFrameSize@GLViewImpl@cocos2d@@IEAAXXZ)
cocos2d.lib(CCGLViewImpl-desktop.obj) : error LNK2019: unresolved external symbol glfwGetWindowMonitor referenced in function "public: class cocos2d::Size __cdecl cocos2d::GLViewImpl::getMonitorSize(void)const " (?getMonitorSize@GLViewImpl@cocos2d@@QEBA?AVSize@2@XZ)
cocos2d.lib(CCGLViewImpl-desktop.obj) : error LNK2019: unresolved external symbol glfwSetWindowMonitor referenced in function "public: void __cdecl cocos2d::GLViewImpl::setFullscreen(struct GLFWvidmode const &,struct GLFWmonitor *)" (?setFullscreen@GLViewImpl@cocos2d@@QEAAXAEBUGLFWvidmode@@PEAUGLFWmonitor@@@Z)
cocos2d.lib(CCGLViewImpl-desktop.obj) : error LNK2019: unresolved external symbol glfwSetWindowPosCallback referenced in function "protected: bool __cdecl cocos2d::GLViewImpl::initWithRect(class std::basic_string<char,struct std::char_traits<char>,class std::allocator<char> > const &,class cocos2d::Rect,float,bool)" (?initWithRect@GLViewImpl@cocos2d@@IEAA_NAEBV?$basic_string@DU?$char_traits@D@std@@V?$allocator@D@2@@std@@VRect@2@M_N@Z)
cocos2d.lib(CCGLViewImpl-desktop.obj) : error LNK2019: unresolved external symbol glfwSetWindowSizeCallback referenced in function "protected: bool __cdecl cocos2d::GLViewImpl::initWithRect(class std::basic_string<char,struct std::char_traits<char>,class std::allocator<char> > const &,class cocos2d::Rect,float,bool)" (?initWithRect@GLViewImpl@cocos2d@@IEAA_NAEBV?$basic_string@DU?$char_traits@D@std@@V?$allocator@D@2@@std@@VRect@2@M_N@Z)
cocos2d.lib(CCGLViewImpl-desktop.obj) : error LNK2019: unresolved external symbol glfwSetWindowFocusCallback referenced in function "protected: bool __cdecl cocos2d::GLViewImpl::initWithRect(class std::basic_string<char,struct std::char_traits<char>,class std::allocator<char> > const &,class cocos2d::Rect,float,bool)" (?initWithRect@GLViewImpl@cocos2d@@IEAA_NAEBV?$basic_string@DU?$char_traits@D@std@@V?$allocator@D@2@@std@@VRect@2@M_N@Z)
cocos2d.lib(CCGLViewImpl-desktop.obj) : error LNK2019: unresolved external symbol glfwSetWindowIconifyCallback referenced in function "protected: bool __cdecl cocos2d::GLViewImpl::initWithRect(class std::basic_string<char,struct std::char_traits<char>,class std::allocator<char> > const &,class cocos2d::Rect,float,bool)" (?initWithRect@GLViewImpl@cocos2d@@IEAA_NAEBV?$basic_string@DU?$char_traits@D@std@@V?$allocator@D@2@@std@@VRect@2@M_N@Z)
cocos2d.lib(CCGLViewImpl-desktop.obj) : error LNK2019: unresolved external symbol glfwSetFramebufferSizeCallback referenced in function "protected: bool __cdecl cocos2d::GLViewImpl::initWithRect(class std::basic_string<char,struct std::char_traits<char>,class std::allocator<char> > const &,class cocos2d::Rect,float,bool)" (?initWithRect@GLViewImpl@cocos2d@@IEAA_NAEBV?$basic_string@DU?$char_traits@D@std@@V?$allocator@D@2@@std@@VRect@2@M_N@Z)
cocos2d.lib(CCGLViewImpl-desktop.obj) : error LNK2019: unresolved external symbol glfwPollEvents referenced in function "public: virtual void __cdecl cocos2d::GLViewImpl::pollEvents(void)" (?pollEvents@GLViewImpl@cocos2d@@UEAAXXZ)
cocos2d.lib(CCGLViewImpl-desktop.obj) : error LNK2019: unresolved external symbol glfwSetInputMode referenced in function "public: virtual void __cdecl cocos2d::GLViewImpl::setCursorVisible(bool)" (?setCursorVisible@GLViewImpl@cocos2d@@UEAAX_N@Z)
cocos2d.lib(CCGLViewImpl-desktop.obj) : error LNK2019: unresolved external symbol glfwGetMouseButton referenced in function "protected: void __cdecl cocos2d::GLViewImpl::onGLFWMouseMoveCallBack(struct GLFWwindow *,double,double)" (?onGLFWMouseMoveCallBack@GLViewImpl@cocos2d@@IEAAXPEAUGLFWwindow@@NN@Z)
cocos2d.lib(CCGLViewImpl-desktop.obj) : error LNK2019: unresolved external symbol glfwSetKeyCallback referenced in function "protected: bool __cdecl cocos2d::GLViewImpl::initWithRect(class std::basic_string<char,struct std::char_traits<char>,class std::allocator<char> > const &,class cocos2d::Rect,float,bool)" (?initWithRect@GLViewImpl@cocos2d@@IEAA_NAEBV?$basic_string@DU?$char_traits@D@std@@V?$allocator@D@2@@std@@VRect@2@M_N@Z)
cocos2d.lib(CCGLViewImpl-desktop.obj) : error LNK2019: unresolved external symbol glfwSetCharCallback referenced in function "protected: bool __cdecl cocos2d::GLViewImpl::initWithRect(class std::basic_string<char,struct std::char_traits<char>,class std::allocator<char> > const &,class cocos2d::Rect,float,bool)" (?initWithRect@GLViewImpl@cocos2d@@IEAA_NAEBV?$basic_string@DU?$char_traits@D@std@@V?$allocator@D@2@@std@@VRect@2@M_N@Z)
cocos2d.lib(CCGLViewImpl-desktop.obj) : error LNK2019: unresolved external symbol glfwSetMouseButtonCallback referenced in function "protected: bool __cdecl cocos2d::GLViewImpl::initWithRect(class std::basic_string<char,struct std::char_traits<char>,class std::allocator<char> > const &,class cocos2d::Rect,float,bool)" (?initWithRect@GLViewImpl@cocos2d@@IEAA_NAEBV?$basic_string@DU?$char_traits@D@std@@V?$allocator@D@2@@std@@VRect@2@M_N@Z)
cocos2d.lib(CCGLViewImpl-desktop.obj) : error LNK2019: unresolved external symbol glfwSetCursorPosCallback referenced in function "protected: bool __cdecl cocos2d::GLViewImpl::initWithRect(class std::basic_string<char,struct std::char_traits<char>,class std::allocator<char> > const &,class cocos2d::Rect,float,bool)" (?initWithRect@GLViewImpl@cocos2d@@IEAA_NAEBV?$basic_string@DU?$char_traits@D@std@@V?$allocator@D@2@@std@@VRect@2@M_N@Z)
cocos2d.lib(CCGLViewImpl-desktop.obj) : error LNK2019: unresolved external symbol glfwSetScrollCallback referenced in function "protected: bool __cdecl cocos2d::GLViewImpl::initWithRect(class std::basic_string<char,struct std::char_traits<char>,class std::allocator<char> > const &,class cocos2d::Rect,float,bool)" (?initWithRect@GLViewImpl@cocos2d@@IEAA_NAEBV?$basic_string@DU?$char_traits@D@std@@V?$allocator@D@2@@std@@VRect@2@M_N@Z)
cocos2d.lib(CCGLViewImpl-desktop.obj) : error LNK2019: unresolved external symbol glfwMakeContextCurrent referenced in function "protected: bool __cdecl cocos2d::GLViewImpl::initWithRect(class std::basic_string<char,struct std::char_traits<char>,class std::allocator<char> > const &,class cocos2d::Rect,float,bool)" (?initWithRect@GLViewImpl@cocos2d@@IEAA_NAEBV?$basic_string@DU?$char_traits@D@std@@V?$allocator@D@2@@std@@VRect@2@M_N@Z)
cocos2d.lib(CCGLViewImpl-desktop.obj) : error LNK2019: unresolved external symbol glfwSwapBuffers referenced in function "public: virtual void __cdecl cocos2d::GLViewImpl::swapBuffers(void)" (?swapBuffers@GLViewImpl@cocos2d@@UEAAXXZ)
cocos2d.lib(CCGLViewImpl-desktop.obj) : error LNK2019: unresolved external symbol glfwGetWin32Window referenced in function "public: virtual struct HWND__ * __cdecl cocos2d::GLViewImpl::getWin32Window(void)" (?getWin32Window@GLViewImpl@cocos2d@@UEAAPEAUHWND__@@XZ)
cocos2d.lib(CCGLViewImpl-desktop.obj) : error LNK2001: unresolved external symbol __imp___glewBindFramebuffer
cocos2d.lib(CommandBufferGL.obj) : error LNK2001: unresolved external symbol __imp___glewBindFramebuffer
cocos2d.lib(TextureGL.obj) : error LNK2001: unresolved external symbol __imp___glewBindFramebuffer
cocos2d.lib(CCGLViewImpl-desktop.obj) : error LNK2001: unresolved external symbol __imp___glewBindRenderbuffer
cocos2d.lib(CCGLViewImpl-desktop.obj) : error LNK2001: unresolved external symbol __imp___glewCheckFramebufferStatus
cocos2d.lib(CCGLViewImpl-desktop.obj) : error LNK2001: unresolved external symbol __imp___glewDeleteFramebuffers
cocos2d.lib(CommandBufferGL.obj) : error LNK2001: unresolved external symbol __imp___glewDeleteFramebuffers
cocos2d.lib(TextureGL.obj) : error LNK2001: unresolved external symbol __imp___glewDeleteFramebuffers
cocos2d.lib(CCGLViewImpl-desktop.obj) : error LNK2001: unresolved external symbol __imp___glewDeleteRenderbuffers
cocos2d.lib(CCGLViewImpl-desktop.obj) : error LNK2001: unresolved external symbol __imp___glewFramebufferRenderbuffer
cocos2d.lib(CCGLViewImpl-desktop.obj) : error LNK2001: unresolved external symbol __imp___glewFramebufferTexture1D
cocos2d.lib(CCGLViewImpl-desktop.obj) : error LNK2001: unresolved external symbol __imp___glewFramebufferTexture2D
cocos2d.lib(CommandBufferGL.obj) : error LNK2001: unresolved external symbol __imp___glewFramebufferTexture2D
cocos2d.lib(TextureGL.obj) : error LNK2001: unresolved external symbol __imp___glewFramebufferTexture2D
cocos2d.lib(CCGLViewImpl-desktop.obj) : error LNK2001: unresolved external symbol __imp___glewFramebufferTexture3D
cocos2d.lib(CCGLViewImpl-desktop.obj) : error LNK2001: unresolved external symbol __imp___glewGenFramebuffers
cocos2d.lib(CommandBufferGL.obj) : error LNK2001: unresolved external symbol __imp___glewGenFramebuffers
cocos2d.lib(TextureGL.obj) : error LNK2001: unresolved external symbol __imp___glewGenFramebuffers
cocos2d.lib(CCGLViewImpl-desktop.obj) : error LNK2001: unresolved external symbol __imp___glewGenRenderbuffers
cocos2d.lib(CCGLViewImpl-desktop.obj) : error LNK2001: unresolved external symbol __imp___glewGenerateMipmap
cocos2d.lib(TextureGL.obj) : error LNK2001: unresolved external symbol __imp___glewGenerateMipmap
cocos2d.lib(CCGLViewImpl-desktop.obj) : error LNK2001: unresolved external symbol __imp___glewGetFramebufferAttachmentParameteriv
cocos2d.lib(CCGLViewImpl-desktop.obj) : error LNK2001: unresolved external symbol __imp___glewGetRenderbufferParameteriv
cocos2d.lib(CCGLViewImpl-desktop.obj) : error LNK2001: unresolved external symbol __imp___glewIsFramebuffer
cocos2d.lib(CCGLViewImpl-desktop.obj) : error LNK2001: unresolved external symbol __imp___glewIsRenderbuffer
cocos2d.lib(CCGLViewImpl-desktop.obj) : error LNK2001: unresolved external symbol __imp___glewRenderbufferStorage
cocos2d.lib(CCGLViewImpl-desktop.obj) : error LNK2001: unresolved external symbol __imp___GLEW_ARB_fragment_shader
cocos2d.lib(CCGLViewImpl-desktop.obj) : error LNK2001: unresolved external symbol __imp___GLEW_ARB_vertex_shader
cocos2d.lib(CCImage.obj) : error LNK2019: unresolved external symbol png_sig_cmp referenced in function "protected: bool __cdecl cocos2d::Image::initWithPngData(unsigned char const *,__int64)" (?initWithPngData@Image@cocos2d@@IEAA_NPEBE_J@Z)
cocos2d.lib(CCImage.obj) : error LNK2019: unresolved external symbol png_create_read_struct referenced in function "protected: bool __cdecl cocos2d::Image::initWithPngData(unsigned char const *,__int64)" (?initWithPngData@Image@cocos2d@@IEAA_NPEBE_J@Z)
cocos2d.lib(CCImage.obj) : error LNK2019: unresolved external symbol png_create_write_struct referenced in function "protected: bool __cdecl cocos2d::Image::saveImageToPNG(class std::basic_string<char,struct std::char_traits<char>,class std::allocator<char> > const &,bool)" (?saveImageToPNG@Image@cocos2d@@IEAA_NAEBV?$basic_string@DU?$char_traits@D@std@@V?$allocator@D@2@@std@@_N@Z)
cocos2d.lib(CCImage.obj) : error LNK2019: unresolved external symbol png_set_longjmp_fn referenced in function "protected: bool __cdecl cocos2d::Image::initWithPngData(unsigned char const *,__int64)" (?initWithPngData@Image@cocos2d@@IEAA_NPEBE_J@Z)
cocos2d.lib(CCImage.obj) : error LNK2019: unresolved external symbol png_create_info_struct referenced in function "protected: bool __cdecl cocos2d::Image::initWithPngData(unsigned char const *,__int64)" (?initWithPngData@Image@cocos2d@@IEAA_NPEBE_J@Z)
cocos2d.lib(CCImage.obj) : error LNK2019: unresolved external symbol png_write_info referenced in function "protected: bool __cdecl cocos2d::Image::saveImageToPNG(class std::basic_string<char,struct std::char_traits<char>,class std::allocator<char> > const &,bool)" (?saveImageToPNG@Image@cocos2d@@IEAA_NAEBV?$basic_string@DU?$char_traits@D@std@@V?$allocator@D@2@@std@@_N@Z)
cocos2d.lib(CCImage.obj) : error LNK2019: unresolved external symbol png_read_info referenced in function "protected: bool __cdecl cocos2d::Image::initWithPngData(unsigned char const *,__int64)" (?initWithPngData@Image@cocos2d@@IEAA_NPEBE_J@Z)
cocos2d.lib(CCImage.obj) : error LNK2019: unresolved external symbol png_set_expand_gray_1_2_4_to_8 referenced in function "protected: bool __cdecl cocos2d::Image::initWithPngData(unsigned char const *,__int64)" (?initWithPngData@Image@cocos2d@@IEAA_NPEBE_J@Z)
cocos2d.lib(CCImage.obj) : error LNK2019: unresolved external symbol png_set_palette_to_rgb referenced in function "protected: bool __cdecl cocos2d::Image::initWithPngData(unsigned char const *,__int64)" (?initWithPngData@Image@cocos2d@@IEAA_NPEBE_J@Z)
cocos2d.lib(CCImage.obj) : error LNK2019: unresolved external symbol png_set_tRNS_to_alpha referenced in function "protected: bool __cdecl cocos2d::Image::initWithPngData(unsigned char const *,__int64)" (?initWithPngData@Image@cocos2d@@IEAA_NPEBE_J@Z)
cocos2d.lib(CCImage.obj) : error LNK2019: unresolved external symbol png_set_packing referenced in function "protected: bool __cdecl cocos2d::Image::initWithPngData(unsigned char const *,__int64)" (?initWithPngData@Image@cocos2d@@IEAA_NPEBE_J@Z)
cocos2d.lib(CCImage.obj) : error LNK2019: unresolved external symbol png_set_strip_16 referenced in function "protected: bool __cdecl cocos2d::Image::initWithPngData(unsigned char const *,__int64)" (?initWithPngData@Image@cocos2d@@IEAA_NPEBE_J@Z)
cocos2d.lib(CCImage.obj) : error LNK2019: unresolved external symbol png_read_update_info referenced in function "protected: bool __cdecl cocos2d::Image::initWithPngData(unsigned char const *,__int64)" (?initWithPngData@Image@cocos2d@@IEAA_NPEBE_J@Z)
cocos2d.lib(CCImage.obj) : error LNK2019: unresolved external symbol png_read_image referenced in function "protected: bool __cdecl cocos2d::Image::initWithPngData(unsigned char const *,__int64)" (?initWithPngData@Image@cocos2d@@IEAA_NPEBE_J@Z)
cocos2d.lib(CCImage.obj) : error LNK2019: unresolved external symbol png_write_image referenced in function "protected: bool __cdecl cocos2d::Image::saveImageToPNG(class std::basic_string<char,struct std::char_traits<char>,class std::allocator<char> > const &,bool)" (?saveImageToPNG@Image@cocos2d@@IEAA_NAEBV?$basic_string@DU?$char_traits@D@std@@V?$allocator@D@2@@std@@_N@Z)
cocos2d.lib(CCImage.obj) : error LNK2019: unresolved external symbol png_write_end referenced in function "protected: bool __cdecl cocos2d::Image::saveImageToPNG(class std::basic_string<char,struct std::char_traits<char>,class std::allocator<char> > const &,bool)" (?saveImageToPNG@Image@cocos2d@@IEAA_NAEBV?$basic_string@DU?$char_traits@D@std@@V?$allocator@D@2@@std@@_N@Z)
cocos2d.lib(CCImage.obj) : error LNK2019: unresolved external symbol png_read_end referenced in function "protected: bool __cdecl cocos2d::Image::initWithPngData(unsigned char const *,__int64)" (?initWithPngData@Image@cocos2d@@IEAA_NPEBE_J@Z)
cocos2d.lib(CCImage.obj) : error LNK2019: unresolved external symbol png_destroy_read_struct referenced in function "protected: bool __cdecl cocos2d::Image::initWithPngData(unsigned char const *,__int64)" (?initWithPngData@Image@cocos2d@@IEAA_NPEBE_J@Z)
cocos2d.lib(CCImage.obj) : error LNK2019: unresolved external symbol png_destroy_write_struct referenced in function "protected: bool __cdecl cocos2d::Image::saveImageToPNG(class std::basic_string<char,struct std::char_traits<char>,class std::allocator<char> > const &,bool)" (?saveImageToPNG@Image@cocos2d@@IEAA_NAEBV?$basic_string@DU?$char_traits@D@std@@V?$allocator@D@2@@std@@_N@Z)
cocos2d.lib(CCImage.obj) : error LNK2019: unresolved external symbol png_init_io referenced in function "protected: bool __cdecl cocos2d::Image::saveImageToPNG(class std::basic_string<char,struct std::char_traits<char>,class std::allocator<char> > const &,bool)" (?saveImageToPNG@Image@cocos2d@@IEAA_NAEBV?$basic_string@DU?$char_traits@D@std@@V?$allocator@D@2@@std@@_N@Z)
cocos2d.lib(CCImage.obj) : error LNK2019: unresolved external symbol png_set_read_fn referenced in function "protected: bool __cdecl cocos2d::Image::initWithPngData(unsigned char const *,__int64)" (?initWithPngData@Image@cocos2d@@IEAA_NPEBE_J@Z)
cocos2d.lib(CCImage.obj) : error LNK2019: unresolved external symbol png_get_io_ptr referenced in function "void __cdecl cocos2d::`anonymous namespace'::pngReadCallback(struct png_struct_def *,unsigned char *,unsigned __int64)" (?pngReadCallback@?A0x5e9b83ef@cocos2d@@YAXPEAUpng_struct_def@@PEAE_K@Z)
cocos2d.lib(CCImage.obj) : error LNK2019: unresolved external symbol png_error referenced in function "void __cdecl cocos2d::`anonymous namespace'::pngReadCallback(struct png_struct_def *,unsigned char *,unsigned __int64)" (?pngReadCallback@?A0x5e9b83ef@cocos2d@@YAXPEAUpng_struct_def@@PEAE_K@Z)
cocos2d.lib(CCImage.obj) : error LNK2019: unresolved external symbol png_get_valid referenced in function "protected: bool __cdecl cocos2d::Image::initWithPngData(unsigned char const *,__int64)" (?initWithPngData@Image@cocos2d@@IEAA_NPEBE_J@Z)
cocos2d.lib(CCImage.obj) : error LNK2019: unresolved external symbol png_get_rowbytes referenced in function "protected: bool __cdecl cocos2d::Image::initWithPngData(unsigned char const *,__int64)" (?initWithPngData@Image@cocos2d@@IEAA_NPEBE_J@Z)
cocos2d.lib(CCImage.obj) : error LNK2019: unresolved external symbol png_get_image_width referenced in function "protected: bool __cdecl cocos2d::Image::initWithPngData(unsigned char const *,__int64)" (?initWithPngData@Image@cocos2d@@IEAA_NPEBE_J@Z)
cocos2d.lib(CCImage.obj) : error LNK2019: unresolved external symbol png_get_image_height referenced in function "protected: bool __cdecl cocos2d::Image::initWithPngData(unsigned char const *,__int64)" (?initWithPngData@Image@cocos2d@@IEAA_NPEBE_J@Z)
cocos2d.lib(CCImage.obj) : error LNK2019: unresolved external symbol png_get_bit_depth referenced in function "protected: bool __cdecl cocos2d::Image::initWithPngData(unsigned char const *,__int64)" (?initWithPngData@Image@cocos2d@@IEAA_NPEBE_J@Z)
cocos2d.lib(CCImage.obj) : error LNK2019: unresolved external symbol png_get_color_type referenced in function "protected: bool __cdecl cocos2d::Image::initWithPngData(unsigned char const *,__int64)" (?initWithPngData@Image@cocos2d@@IEAA_NPEBE_J@Z)
cocos2d.lib(CCImage.obj) : error LNK2019: unresolved external symbol png_set_IHDR referenced in function "protected: bool __cdecl cocos2d::Image::saveImageToPNG(class std::basic_string<char,struct std::char_traits<char>,class std::allocator<char> > const &,bool)" (?saveImageToPNG@Image@cocos2d@@IEAA_NAEBV?$basic_string@DU?$char_traits@D@std@@V?$allocator@D@2@@std@@_N@Z)
cocos2d.lib(CCImage.obj) : error LNK2019: unresolved external symbol jpeg_std_error referenced in function "protected: bool __cdecl cocos2d::Image::initWithJpgData(unsigned char const *,__int64)" (?initWithJpgData@Image@cocos2d@@IEAA_NPEBE_J@Z)
cocos2d.lib(CCImage.obj) : error LNK2019: unresolved external symbol jpeg_CreateCompress referenced in function "protected: bool __cdecl cocos2d::Image::saveImageToJPG(class std::basic_string<char,struct std::char_traits<char>,class std::allocator<char> > const &)" (?saveImageToJPG@Image@cocos2d@@IEAA_NAEBV?$basic_string@DU?$char_traits@D@std@@V?$allocator@D@2@@std@@@Z)
cocos2d.lib(CCImage.obj) : error LNK2019: unresolved external symbol jpeg_CreateDecompress referenced in function "protected: bool __cdecl cocos2d::Image::initWithJpgData(unsigned char const *,__int64)" (?initWithJpgData@Image@cocos2d@@IEAA_NPEBE_J@Z)
cocos2d.lib(CCImage.obj) : error LNK2019: unresolved external symbol jpeg_destroy_compress referenced in function "protected: bool __cdecl cocos2d::Image::saveImageToJPG(class std::basic_string<char,struct std::char_traits<char>,class std::allocator<char> > const &)" (?saveImageToJPG@Image@cocos2d@@IEAA_NAEBV?$basic_string@DU?$char_traits@D@std@@V?$allocator@D@2@@std@@@Z)
cocos2d.lib(CCImage.obj) : error LNK2019: unresolved external symbol jpeg_destroy_decompress referenced in function "protected: bool __cdecl cocos2d::Image::initWithJpgData(unsigned char const *,__int64)" (?initWithJpgData@Image@cocos2d@@IEAA_NPEBE_J@Z)
cocos2d.lib(CCImage.obj) : error LNK2019: unresolved external symbol jpeg_stdio_dest referenced in function "protected: bool __cdecl cocos2d::Image::saveImageToJPG(class std::basic_string<char,struct std::char_traits<char>,class std::allocator<char> > const &)" (?saveImageToJPG@Image@cocos2d@@IEAA_NAEBV?$basic_string@DU?$char_traits@D@std@@V?$allocator@D@2@@std@@@Z)
cocos2d.lib(CCImage.obj) : error LNK2019: unresolved external symbol jpeg_mem_src referenced in function "protected: bool __cdecl cocos2d::Image::initWithJpgData(unsigned char const *,__int64)" (?initWithJpgData@Image@cocos2d@@IEAA_NPEBE_J@Z)
cocos2d.lib(CCImage.obj) : error LNK2019: unresolved external symbol jpeg_set_defaults referenced in function "protected: bool __cdecl cocos2d::Image::saveImageToJPG(class std::basic_string<char,struct std::char_traits<char>,class std::allocator<char> > const &)" (?saveImageToJPG@Image@cocos2d@@IEAA_NAEBV?$basic_string@DU?$char_traits@D@std@@V?$allocator@D@2@@std@@@Z)
cocos2d.lib(CCImage.obj) : error LNK2019: unresolved external symbol jpeg_set_quality referenced in function "protected: bool __cdecl cocos2d::Image::saveImageToJPG(class std::basic_string<char,struct std::char_traits<char>,class std::allocator<char> > const &)" (?saveImageToJPG@Image@cocos2d@@IEAA_NAEBV?$basic_string@DU?$char_traits@D@std@@V?$allocator@D@2@@std@@@Z)
cocos2d.lib(CCImage.obj) : error LNK2019: unresolved external symbol jpeg_start_compress referenced in function "protected: bool __cdecl cocos2d::Image::saveImageToJPG(class std::basic_string<char,struct std::char_traits<char>,class std::allocator<char> > const &)" (?saveImageToJPG@Image@cocos2d@@IEAA_NAEBV?$basic_string@DU?$char_traits@D@std@@V?$allocator@D@2@@std@@@Z)
cocos2d.lib(CCImage.obj) : error LNK2019: unresolved external symbol jpeg_write_scanlines referenced in function "protected: bool __cdecl cocos2d::Image::saveImageToJPG(class std::basic_string<char,struct std::char_traits<char>,class std::allocator<char> > const &)" (?saveImageToJPG@Image@cocos2d@@IEAA_NAEBV?$basic_string@DU?$char_traits@D@std@@V?$allocator@D@2@@std@@@Z)
cocos2d.lib(CCImage.obj) : error LNK2019: unresolved external symbol jpeg_finish_compress referenced in function "protected: bool __cdecl cocos2d::Image::saveImageToJPG(class std::basic_string<char,struct std::char_traits<char>,class std::allocator<char> > const &)" (?saveImageToJPG@Image@cocos2d@@IEAA_NAEBV?$basic_string@DU?$char_traits@D@std@@V?$allocator@D@2@@std@@@Z)
cocos2d.lib(CCImage.obj) : error LNK2019: unresolved external symbol jpeg_read_header referenced in function "protected: bool __cdecl cocos2d::Image::initWithJpgData(unsigned char const *,__int64)" (?initWithJpgData@Image@cocos2d@@IEAA_NPEBE_J@Z)
cocos2d.lib(CCImage.obj) : error LNK2019: unresolved external symbol jpeg_start_decompress referenced in function "protected: bool __cdecl cocos2d::Image::initWithJpgData(unsigned char const *,__int64)" (?initWithJpgData@Image@cocos2d@@IEAA_NPEBE_J@Z)
cocos2d.lib(CCImage.obj) : error LNK2019: unresolved external symbol jpeg_read_scanlines referenced in function "protected: bool __cdecl cocos2d::Image::initWithJpgData(unsigned char const *,__int64)" (?initWithJpgData@Image@cocos2d@@IEAA_NPEBE_J@Z)
cocos2d.lib(CCImage.obj) : error LNK2019: unresolved external symbol WebPGetFeaturesInternal referenced in function WebPGetFeatures
cocos2d.lib(CCImage.obj) : error LNK2019: unresolved external symbol WebPInitDecoderConfigInternal referenced in function WebPInitDecoderConfig
cocos2d.lib(CCImage.obj) : error LNK2019: unresolved external symbol WebPDecode referenced in function "protected: bool __cdecl cocos2d::Image::initWithWebpData(unsigned char const *,__int64)" (?initWithWebpData@Image@cocos2d@@IEAA_NPEBE_J@Z)
cocos2d.lib(CCFontFreeType.obj) : error LNK2019: unresolved external symbol FT_Init_FreeType referenced in function "private: bool __cdecl cocos2d::FontFreeType::initFreeType(void)" (?initFreeType@FontFreeType@cocos2d@@AEAA_NXZ)
cocos2d.lib(CCFontFreeType.obj) : error LNK2019: unresolved external symbol FT_Done_FreeType referenced in function "public: static void __cdecl cocos2d::FontFreeType::shutdownFreeType(void)" (?shutdownFreeType@FontFreeType@cocos2d@@SAXXZ)
cocos2d.lib(CCFontFreeType.obj) : error LNK2019: unresolved external symbol FT_New_Memory_Face referenced in function "private: bool __cdecl cocos2d::FontFreeType::createFontObject(class std::basic_string<char,struct std::char_traits<char>,class std::allocator<char> > const &,float)" (?createFontObject@FontFreeType@cocos2d@@AEAA_NAEBV?$basic_string@DU?$char_traits@D@std@@V?$allocator@D@2@@std@@M@Z)
cocos2d.lib(CCFontFreeType.obj) : error LNK2019: unresolved external symbol FT_Done_Face referenced in function "private: virtual __cdecl cocos2d::FontFreeType::~FontFreeType(void)" (??1FontFreeType@cocos2d@@EEAA@XZ)
cocos2d.lib(CCFontFreeType.obj) : error LNK2019: unresolved external symbol FT_Set_Char_Size referenced in function "private: bool __cdecl cocos2d::FontFreeType::createFontObject(class std::basic_string<char,struct std::char_traits<char>,class std::allocator<char> > const &,float)" (?createFontObject@FontFreeType@cocos2d@@AEAA_NAEBV?$basic_string@DU?$char_traits@D@std@@V?$allocator@D@2@@std@@M@Z)
cocos2d.lib(CCFontFreeType.obj) : error LNK2019: unresolved external symbol FT_Load_Char referenced in function "public: unsigned char * __cdecl cocos2d::FontFreeType::getGlyphBitmap(unsigned __int64,long &,long &,class cocos2d::Rect &,int &)" (?getGlyphBitmap@FontFreeType@cocos2d@@QEAAPEAE_KAEAJ1AEAVRect@2@AEAH@Z)
cocos2d.lib(CCFontFreeType.obj) : error LNK2019: unresolved external symbol FT_Get_Kerning referenced in function "private: int __cdecl cocos2d::FontFreeType::getHorizontalKerningForChars(unsigned __int64,unsigned __int64)const " (?getHorizontalKerningForChars@FontFreeType@cocos2d@@AEBAH_K0@Z)
cocos2d.lib(CCFontFreeType.obj) : error LNK2019: unresolved external symbol FT_Select_Charmap referenced in function "private: bool __cdecl cocos2d::FontFreeType::createFontObject(class std::basic_string<char,struct std::char_traits<char>,class std::allocator<char> > const &,float)" (?createFontObject@FontFreeType@cocos2d@@AEAA_NAEBV?$basic_string@DU?$char_traits@D@std@@V?$allocator@D@2@@std@@M@Z)
cocos2d.lib(CCFontFreeType.obj) : error LNK2019: unresolved external symbol FT_Get_Char_Index referenced in function "private: int __cdecl cocos2d::FontFreeType::getHorizontalKerningForChars(unsigned __int64,unsigned __int64)const " (?getHorizontalKerningForChars@FontFreeType@cocos2d@@AEBAH_K0@Z)
cocos2d.lib(CCFontFreeType.obj) : error LNK2019: unresolved external symbol FT_Outline_Translate referenced in function "private: unsigned char * __cdecl cocos2d::FontFreeType::getGlyphBitmapWithOutline(unsigned __int64,struct FT_BBox_ &)" (?getGlyphBitmapWithOutline@FontFreeType@cocos2d@@AEAAPEAE_KAEAUFT_BBox_@@@Z)
cocos2d.lib(CCFontFreeType.obj) : error LNK2019: unresolved external symbol FT_Outline_Render referenced in function "private: unsigned char * __cdecl cocos2d::FontFreeType::getGlyphBitmapWithOutline(unsigned __int64,struct FT_BBox_ &)" (?getGlyphBitmapWithOutline@FontFreeType@cocos2d@@AEAAPEAE_KAEAUFT_BBox_@@@Z)
cocos2d.lib(CCFontFreeType.obj) : error LNK2019: unresolved external symbol FT_Get_Glyph referenced in function "private: unsigned char * __cdecl cocos2d::FontFreeType::getGlyphBitmapWithOutline(unsigned __int64,struct FT_BBox_ &)" (?getGlyphBitmapWithOutline@FontFreeType@cocos2d@@AEAAPEAE_KAEAUFT_BBox_@@@Z)
cocos2d.lib(CCFontFreeType.obj) : error LNK2019: unresolved external symbol FT_Glyph_Get_CBox referenced in function "private: unsigned char * __cdecl cocos2d::FontFreeType::getGlyphBitmapWithOutline(unsigned __int64,struct FT_BBox_ &)" (?getGlyphBitmapWithOutline@FontFreeType@cocos2d@@AEAAPEAE_KAEAUFT_BBox_@@@Z)
cocos2d.lib(CCFontFreeType.obj) : error LNK2019: unresolved external symbol FT_Done_Glyph referenced in function "private: unsigned char * __cdecl cocos2d::FontFreeType::getGlyphBitmapWithOutline(unsigned __int64,struct FT_BBox_ &)" (?getGlyphBitmapWithOutline@FontFreeType@cocos2d@@AEAAPEAE_KAEAUFT_BBox_@@@Z)
cocos2d.lib(CCFontFreeType.obj) : error LNK2019: unresolved external symbol FT_Stroker_New referenced in function "private: __cdecl cocos2d::FontFreeType::FontFreeType(bool,float)" (??0FontFreeType@cocos2d@@AEAA@_NM@Z)
cocos2d.lib(CCFontFreeType.obj) : error LNK2019: unresolved external symbol FT_Stroker_Set referenced in function "private: __cdecl cocos2d::FontFreeType::FontFreeType(bool,float)" (??0FontFreeType@cocos2d@@AEAA@_NM@Z)
cocos2d.lib(CCFontFreeType.obj) : error LNK2019: unresolved external symbol FT_Stroker_Done referenced in function "private: virtual __cdecl cocos2d::FontFreeType::~FontFreeType(void)" (??1FontFreeType@cocos2d@@EEAA@XZ)
cocos2d.lib(CCFontFreeType.obj) : error LNK2019: unresolved external symbol FT_Glyph_StrokeBorder referenced in function "private: unsigned char * __cdecl cocos2d::FontFreeType::getGlyphBitmapWithOutline(unsigned __int64,struct FT_BBox_ &)" (?getGlyphBitmapWithOutline@FontFreeType@cocos2d@@AEAAPEAE_KAEAUFT_BBox_@@@Z)
cocos2d.lib(CCPhysicsWorld.obj) : error LNK2019: unresolved external symbol cpArbiterGetUserData referenced in function "public: static unsigned char __cdecl cocos2d::PhysicsWorldCallback::collisionPreSolveCallbackFunc(struct cpArbiter *,struct cpSpace *,class cocos2d::PhysicsWorld *)" (?collisionPreSolveCallbackFunc@PhysicsWorldCallback@cocos2d@@SAEPEAUcpArbiter@@PEAUcpSpace@@PEAVPhysicsWorld@2@@Z)
cocos2d.lib(CCPhysicsWorld.obj) : error LNK2019: unresolved external symbol cpArbiterSetUserData referenced in function "public: static unsigned char __cdecl cocos2d::PhysicsWorldCallback::collisionBeginCallbackFunc(struct cpArbiter *,struct cpSpace *,class cocos2d::PhysicsWorld *)" (?collisionBeginCallbackFunc@PhysicsWorldCallback@cocos2d@@SAEPEAUcpArbiter@@PEAUcpSpace@@PEAVPhysicsWorld@2@@Z)
cocos2d.lib(CCPhysicsWorld.obj) : error LNK2019: unresolved external symbol cpArbiterGetShapes referenced in function "public: static unsigned char __cdecl cocos2d::PhysicsWorldCallback::collisionBeginCallbackFunc(struct cpArbiter *,struct cpSpace *,class cocos2d::PhysicsWorld *)" (?collisionBeginCallbackFunc@PhysicsWorldCallback@cocos2d@@SAEPEAUcpArbiter@@PEAUcpSpace@@PEAVPhysicsWorld@2@@Z)
cocos2d.lib(CCPhysicsWorld.obj) : error LNK2019: unresolved external symbol cpBodyIsSleeping referenced in function "struct cpSpaceDebugColor __cdecl cocos2d::ColorForShape(struct cpShape *,void *)" (?ColorForShape@cocos2d@@YA?AUcpSpaceDebugColor@@PEAUcpShape@@PEAX@Z)
cocos2d.lib(CCPhysicsBody.obj) : error LNK2001: unresolved external symbol cpBodyIsSleeping
cocos2d.lib(CCPhysicsWorld.obj) : error LNK2019: unresolved external symbol cpBodyGetType referenced in function "struct cpSpaceDebugColor __cdecl cocos2d::ColorForShape(struct cpShape *,void *)" (?ColorForShape@cocos2d@@YA?AUcpSpaceDebugColor@@PEAUcpShape@@PEAX@Z)
cocos2d.lib(CCPhysicsBody.obj) : error LNK2001: unresolved external symbol cpBodyGetType
cocos2d.lib(CCPhysicsWorld.obj) : error LNK2019: unresolved external symbol cpShapeGetBody referenced in function "struct cpSpaceDebugColor __cdecl cocos2d::ColorForShape(struct cpShape *,void *)" (?ColorForShape@cocos2d@@YA?AUcpSpaceDebugColor@@PEAUcpShape@@PEAX@Z)
cocos2d.lib(CCPhysicsWorld.obj) : error LNK2019: unresolved external symbol cpShapeGetSensor referenced in function "struct cpSpaceDebugColor __cdecl cocos2d::ColorForShape(struct cpShape *,void *)" (?ColorForShape@cocos2d@@YA?AUcpSpaceDebugColor@@PEAUcpShape@@PEAX@Z)
cocos2d.lib(CCPhysicsWorld.obj) : error LNK2019: unresolved external symbol cpShapeGetUserData referenced in function "public: class cocos2d::PhysicsShape * __cdecl cocos2d::PhysicsWorld::getShape(class cocos2d::Vec2 const &)const " (?getShape@PhysicsWorld@cocos2d@@QEBAPEAVPhysicsShape@2@AEBVVec2@2@@Z)
cocos2d.lib(CCPhysicsWorld.obj) : error LNK2019: unresolved external symbol cpSpaceNew referenced in function "protected: bool __cdecl cocos2d::PhysicsWorld::init(void)" (?init@PhysicsWorld@cocos2d@@IEAA_NXZ)
cocos2d.lib(CCPhysicsWorld.obj) : error LNK2019: unresolved external symbol cpSpaceFree referenced in function "protected: virtual __cdecl cocos2d::PhysicsWorld::~PhysicsWorld(void)" (??1PhysicsWorld@cocos2d@@MEAA@XZ)
cocos2d.lib(CCPhysicsWorld.obj) : error LNK2019: unresolved external symbol cpSpaceSetGravity referenced in function "public: void __cdecl cocos2d::PhysicsWorld::setGravity(class cocos2d::Vec2 const &)" (?setGravity@PhysicsWorld@cocos2d@@QEAAXAEBVVec2@2@@Z)
cocos2d.lib(CCPhysicsWorld.obj) : error LNK2019: unresolved external symbol cpSpaceIsLocked referenced in function "public: virtual void __cdecl cocos2d::PhysicsWorld::removeJoint(class cocos2d::PhysicsJoint *,bool)" (?removeJoint@PhysicsWorld@cocos2d@@UEAAXPEAVPhysicsJoint@2@_N@Z)
cocos2d.lib(CCPhysicsWorld.obj) : error LNK2019: unresolved external symbol cpSpaceAddDefaultCollisionHandler referenced in function "protected: bool __cdecl cocos2d::PhysicsWorld::init(void)" (?init@PhysicsWorld@cocos2d@@IEAA_NXZ)
cocos2d.lib(CCPhysicsWorld.obj) : error LNK2019: unresolved external symbol cpSpaceAddShape referenced in function "protected: virtual void __cdecl cocos2d::PhysicsWorld::addShape(class cocos2d::PhysicsShape *)" (?addShape@PhysicsWorld@cocos2d@@MEAAXPEAVPhysicsShape@2@@Z)
cocos2d.lib(CCPhysicsWorld.obj) : error LNK2019: unresolved external symbol cpSpaceAddBody referenced in function "protected: virtual void __cdecl cocos2d::PhysicsWorld::doAddBody(class cocos2d::PhysicsBody *)" (?doAddBody@PhysicsWorld@cocos2d@@MEAAXPEAVPhysicsBody@2@@Z)
cocos2d.lib(CCPhysicsWorld.obj) : error LNK2019: unresolved external symbol cpSpaceRemoveShape referenced in function "protected: virtual void __cdecl cocos2d::PhysicsWorld::removeShape(class cocos2d::PhysicsShape *)" (?removeShape@PhysicsWorld@cocos2d@@MEAAXPEAVPhysicsShape@2@@Z)
cocos2d.lib(CCPhysicsWorld.obj) : error LNK2019: unresolved external symbol cpSpaceRemoveBody referenced in function "protected: virtual void __cdecl cocos2d::PhysicsWorld::doRemoveBody(class cocos2d::PhysicsBody *)" (?doRemoveBody@PhysicsWorld@cocos2d@@MEAAXPEAVPhysicsBody@2@@Z)
cocos2d.lib(CCPhysicsWorld.obj) : error LNK2019: unresolved external symbol cpSpaceRemoveConstraint referenced in function "protected: virtual void __cdecl cocos2d::PhysicsWorld::doRemoveJoint(class cocos2d::PhysicsJoint *)" (?doRemoveJoint@PhysicsWorld@cocos2d@@MEAAXPEAVPhysicsJoint@2@@Z)
cocos2d.lib(CCPhysicsWorld.obj) : error LNK2019: unresolved external symbol cpSpaceContainsShape referenced in function "protected: virtual void __cdecl cocos2d::PhysicsWorld::removeShape(class cocos2d::PhysicsShape *)" (?removeShape@PhysicsWorld@cocos2d@@MEAAXPEAVPhysicsShape@2@@Z)
cocos2d.lib(CCPhysicsWorld.obj) : error LNK2019: unresolved external symbol cpSpaceContainsBody referenced in function "protected: virtual void __cdecl cocos2d::PhysicsWorld::doAddBody(class cocos2d::PhysicsBody *)" (?doAddBody@PhysicsWorld@cocos2d@@MEAAXPEAVPhysicsBody@2@@Z)
cocos2d.lib(CCPhysicsWorld.obj) : error LNK2019: unresolved external symbol cpSpacePointQuery referenced in function "public: void __cdecl cocos2d::PhysicsWorld::queryPoint(class std::function<bool __cdecl(class cocos2d::PhysicsWorld &,class cocos2d::PhysicsShape &,void *)>,class cocos2d::Vec2 const &,void *)" (?queryPoint@PhysicsWorld@cocos2d@@QEAAXV?$function@$$A6A_NAEAVPhysicsWorld@cocos2d@@AEAVPhysicsShape@2@PEAX@Z@std@@AEBVVec2@2@PEAX@Z)
cocos2d.lib(CCPhysicsWorld.obj) : error LNK2019: unresolved external symbol cpSpacePointQueryNearest referenced in function "public: class cocos2d::PhysicsShape * __cdecl cocos2d::PhysicsWorld::getShape(class cocos2d::Vec2 const &)const " (?getShape@PhysicsWorld@cocos2d@@QEBAPEAVPhysicsShape@2@AEBVVec2@2@@Z)
cocos2d.lib(CCPhysicsWorld.obj) : error LNK2019: unresolved external symbol cpSpaceSegmentQuery referenced in function "public: void __cdecl cocos2d::PhysicsWorld::rayCast(class std::function<bool __cdecl(class cocos2d::PhysicsWorld &,struct cocos2d::PhysicsRayCastInfo const &,void *)>,class cocos2d::Vec2 const &,class cocos2d::Vec2 const &,void *)" (?rayCast@PhysicsWorld@cocos2d@@QEAAXV?$function@$$A6A_NAEAVPhysicsWorld@cocos2d@@AEBUPhysicsRayCastInfo@2@PEAX@Z@std@@AEBVVec2@2@1PEAX@Z)
cocos2d.lib(CCPhysicsWorld.obj) : error LNK2019: unresolved external symbol cpSpaceBBQuery referenced in function "public: void __cdecl cocos2d::PhysicsWorld::queryRect(class std::function<bool __cdecl(class cocos2d::PhysicsWorld &,class cocos2d::PhysicsShape &,void *)>,class cocos2d::Rect const &,void *)" (?queryRect@PhysicsWorld@cocos2d@@QEAAXV?$function@$$A6A_NAEAVPhysicsWorld@cocos2d@@AEAVPhysicsShape@2@PEAX@Z@std@@AEBVRect@2@PEAX@Z)
cocos2d.lib(CCPhysicsWorld.obj) : error LNK2019: unresolved external symbol cpSpaceStep referenced in function "protected: virtual void __cdecl cocos2d::PhysicsWorld::update(float,bool)" (?update@PhysicsWorld@cocos2d@@MEAAXM_N@Z)
cocos2d.lib(CCPhysicsWorld.obj) : error LNK2019: unresolved external symbol cpSpaceDebugDraw referenced in function "protected: virtual void __cdecl cocos2d::PhysicsWorld::debugDraw(void)" (?debugDraw@PhysicsWorld@cocos2d@@MEAAXXZ)
cocos2d.lib(CCPhysics3DWorld.obj) : error LNK2019: unresolved external symbol "void * __cdecl btAlignedAllocInternal(unsigned __int64,int)" (?btAlignedAllocInternal@@YAPEAX_KH@Z) referenced in function "public: static void * __cdecl btDiscreteDynamicsWorld::operator new(unsigned __int64)" (??2btDiscreteDynamicsWorld@@SAPEAX_K@Z)
cocos2d.lib(CCPhysics3DObject.obj) : error LNK2001: unresolved external symbol "void * __cdecl btAlignedAllocInternal(unsigned __int64,int)" (?btAlignedAllocInternal@@YAPEAX_KH@Z)
cocos2d.lib(CCPhysics3DWorld.obj) : error LNK2019: unresolved external symbol "void __cdecl btAlignedFreeInternal(void *)" (?btAlignedFreeInternal@@YAXPEAX@Z) referenced in function "public: static void __cdecl btDiscreteDynamicsWorld::operator delete(void *)" (??3btDiscreteDynamicsWorld@@SAXPEAX@Z)
cocos2d.lib(CCPhysics3DObject.obj) : error LNK2001: unresolved external symbol "void __cdecl btAlignedFreeInternal(void *)" (?btAlignedFreeInternal@@YAXPEAX@Z)
cocos2d.lib(CCPhysics3DWorld.obj) : error LNK2019: unresolved external symbol "public: __cdecl btCollisionDispatcher::btCollisionDispatcher(class btCollisionConfiguration *)" (??0btCollisionDispatcher@@QEAA@PEAVbtCollisionConfiguration@@@Z) referenced in function "public: bool __cdecl cocos2d::Physics3DWorld::init(struct cocos2d::Physics3DWorldDes *)" (?init@Physics3DWorld@cocos2d@@QEAA_NPEAUPhysics3DWorldDes@2@@Z)
cocos2d.lib(CCPhysics3DWorld.obj) : error LNK2019: unresolved external symbol "public: void __cdecl btCollisionWorld::convexSweepTest(class btConvexShape const *,class btTransform const &,class btTransform const &,struct btCollisionWorld::ConvexResultCallback &,float)const " (?convexSweepTest@btCollisionWorld@@QEBAXPEBVbtConvexShape@@AEBVbtTransform@@1AEAUConvexResultCallback@1@M@Z) referenced in function "public: bool __cdecl cocos2d::Physics3DWorld::sweepShape(class cocos2d::Physics3DShape *,class cocos2d::Mat4 const &,class cocos2d::Mat4 const &,struct cocos2d::Physics3DWorld::HitResult *)" (?sweepShape@Physics3DWorld@cocos2d@@QEAA_NPEAVPhysics3DShape@2@AEBVMat4@2@1PEAUHitResult@12@@Z)
cocos2d.lib(CCPhysics3DWorld.obj) : error LNK2019: unresolved external symbol "public: __cdecl btDefaultCollisionConfiguration::btDefaultCollisionConfiguration(struct btDefaultCollisionConstructionInfo const &)" (??0btDefaultCollisionConfiguration@@QEAA@AEBUbtDefaultCollisionConstructionInfo@@@Z) referenced in function "public: bool __cdecl cocos2d::Physics3DWorld::init(struct cocos2d::Physics3DWorldDes *)" (?init@Physics3DWorld@cocos2d@@QEAA_NPEAUPhysics3DWorldDes@2@@Z)
cocos2d.lib(CCPhysics3DWorld.obj) : error LNK2019: unresolved external symbol "public: __cdecl btDbvtBroadphase::btDbvtBroadphase(class btOverlappingPairCache *)" (??0btDbvtBroadphase@@QEAA@PEAVbtOverlappingPairCache@@@Z) referenced in function "public: bool __cdecl cocos2d::Physics3DWorld::init(struct cocos2d::Physics3DWorldDes *)" (?init@Physics3DWorld@cocos2d@@QEAA_NPEAUPhysics3DWorldDes@2@@Z)
cocos2d.lib(CCPhysics3DWorld.obj) : error LNK2019: unresolved external symbol "public: __cdecl btDiscreteDynamicsWorld::btDiscreteDynamicsWorld(class btDispatcher *,class btBroadphaseInterface *,class btConstraintSolver *,class btCollisionConfiguration *)" (??0btDiscreteDynamicsWorld@@QEAA@PEAVbtDispatcher@@PEAVbtBroadphaseInterface@@PEAVbtConstraintSolver@@PEAVbtCollisionConfiguration@@@Z) referenced in function "public: bool __cdecl cocos2d::Physics3DWorld::init(struct cocos2d::Physics3DWorldDes *)" (?init@Physics3DWorld@cocos2d@@QEAA_NPEAUPhysics3DWorldDes@2@@Z)
cocos2d.lib(CCPhysics3DWorld.obj) : error LNK2019: unresolved external symbol "public: __cdecl btSequentialImpulseConstraintSolver::btSequentialImpulseConstraintSolver(void)" (??0btSequentialImpulseConstraintSolver@@QEAA@XZ) referenced in function "public: bool __cdecl cocos2d::Physics3DWorld::init(struct cocos2d::Physics3DWorldDes *)" (?init@Physics3DWorld@cocos2d@@QEAA_NPEAUPhysics3DWorldDes@2@@Z)
cocos2d.lib(ZipUtils.obj) : error LNK2019: unresolved external symbol inflate referenced in function "private: static int __cdecl cocos2d::ZipUtils::inflateMemoryWithHint(unsigned char *,__int64,unsigned char * *,__int64 *,__int64)" (?inflateMemoryWithHint@ZipUtils@cocos2d@@CAHPEAE_JPEAPEAEPEA_J1@Z)
ext_unzip.lib(unzip.obj) : error LNK2001: unresolved external symbol inflate
cocos2d.lib(ZipUtils.obj) : error LNK2019: unresolved external symbol inflateEnd referenced in function "private: static int __cdecl cocos2d::ZipUtils::inflateMemoryWithHint(unsigned char *,__int64,unsigned char * *,__int64 *,__int64)" (?inflateMemoryWithHint@ZipUtils@cocos2d@@CAHPEAE_JPEAPEAEPEA_J1@Z)
ext_unzip.lib(unzip.obj) : error LNK2001: unresolved external symbol inflateEnd
cocos2d.lib(ZipUtils.obj) : error LNK2019: unresolved external symbol uncompress referenced in function "public: static int __cdecl cocos2d::ZipUtils::inflateCCZBuffer(unsigned char const *,__int64,unsigned char * *)" (?inflateCCZBuffer@ZipUtils@cocos2d@@SAHPEBE_JPEAPEAE@Z)
cocos2d.lib(ZipUtils.obj) : error LNK2019: unresolved external symbol gzread referenced in function "public: static int __cdecl cocos2d::ZipUtils::inflateGZipFile(char const *,unsigned char * *)" (?inflateGZipFile@ZipUtils@cocos2d@@SAHPEBDPEAPEAE@Z)
cocos2d.lib(ZipUtils.obj) : error LNK2019: unresolved external symbol gzclose referenced in function "public: static int __cdecl cocos2d::ZipUtils::inflateGZipFile(char const *,unsigned char * *)" (?inflateGZipFile@ZipUtils@cocos2d@@SAHPEBDPEAPEAE@Z)
cocos2d.lib(ZipUtils.obj) : error LNK2019: unresolved external symbol inflateInit2_ referenced in function "private: static int __cdecl cocos2d::ZipUtils::inflateMemoryWithHint(unsigned char *,__int64,unsigned char * *,__int64 *,__int64)" (?inflateMemoryWithHint@ZipUtils@cocos2d@@CAHPEAE_JPEAPEAEPEA_J1@Z)
ext_unzip.lib(unzip.obj) : error LNK2001: unresolved external symbol inflateInit2_
cocos2d.lib(ZipUtils.obj) : error LNK2019: unresolved external symbol gzopen referenced in function "public: static int __cdecl cocos2d::ZipUtils::inflateGZipFile(char const *,unsigned char * *)" (?inflateGZipFile@ZipUtils@cocos2d@@SAHPEBDPEAPEAE@Z)
cocos2d.lib(CCPhysicsBody.obj) : error LNK2019: unresolved external symbol cpMessage referenced in function "void __cdecl internalBodyUpdateVelocity(struct cpBody *,struct cpVect,float,float)" (?internalBodyUpdateVelocity@@YAXPEAUcpBody@@UcpVect@@MM@Z)
cocos2d.lib(CCPhysicsBody.obj) : error LNK2019: unresolved external symbol cpBodyNew referenced in function "protected: virtual bool __cdecl cocos2d::PhysicsBody::init(void)" (?init@PhysicsBody@cocos2d@@MEAA_NXZ)
cocos2d.lib(CCPhysicsBody.obj) : error LNK2019: unresolved external symbol cpBodyFree referenced in function "protected: virtual __cdecl cocos2d::PhysicsBody::~PhysicsBody(void)" (??1PhysicsBody@cocos2d@@MEAA@XZ)
cocos2d.lib(CCPhysicsBody.obj) : error LNK2019: unresolved external symbol cpBodyActivate referenced in function "public: void __cdecl cocos2d::PhysicsBody::setResting(bool)const " (?setResting@PhysicsBody@cocos2d@@QEBAX_N@Z)
cocos2d.lib(CCPhysicsBody.obj) : error LNK2019: unresolved external symbol cpBodySleep referenced in function "public: void __cdecl cocos2d::PhysicsBody::setResting(bool)const " (?setResting@PhysicsBody@cocos2d@@QEBAX_N@Z)
cocos2d.lib(CCPhysicsBody.obj) : error LNK2019: unresolved external symbol cpBodySetType referenced in function "public: void __cdecl cocos2d::PhysicsBody::setDynamic(bool)" (?setDynamic@PhysicsBody@cocos2d@@QEAAX_N@Z)
cocos2d.lib(CCPhysicsBody.obj) : error LNK2019: unresolved external symbol cpBodyGetSpace referenced in function "public: virtual class cocos2d::PhysicsShape * __cdecl cocos2d::PhysicsBody::addShape(class cocos2d::PhysicsShape *,bool)" (?addShape@PhysicsBody@cocos2d@@UEAAPEAVPhysicsShape@2@PEAV32@_N@Z)
cocos2d.lib(CCPhysicsBody.obj) : error LNK2019: unresolved external symbol cpBodySetMoment referenced in function "public: void __cdecl cocos2d::PhysicsBody::setDynamic(bool)" (?setDynamic@PhysicsBody@cocos2d@@QEAAX_N@Z)
cocos2d.lib(CCPhysicsBody.obj) : error LNK2019: unresolved external symbol cpBodyGetPosition referenced in function "public: class cocos2d::Vec2 __cdecl cocos2d::PhysicsBody::getPosition(void)const " (?getPosition@PhysicsBody@cocos2d@@QEBA?AVVec2@2@XZ)
cocos2d.lib(CCPhysicsBody.obj) : error LNK2019: unresolved external symbol cpBodySetPosition referenced in function "protected: virtual void __cdecl cocos2d::PhysicsBody::setPosition(float,float)" (?setPosition@PhysicsBody@cocos2d@@MEAAXMM@Z)
cocos2d.lib(CCPhysicsBody.obj) : error LNK2019: unresolved external symbol cpBodyGetVelocity referenced in function "public: virtual class cocos2d::Vec2 __cdecl cocos2d::PhysicsBody::getVelocity(void)" (?getVelocity@PhysicsBody@cocos2d@@UEAA?AVVec2@2@XZ)
cocos2d.lib(CCPhysicsBody.obj) : error LNK2019: unresolved external symbol cpBodySetVelocity referenced in function "public: virtual void __cdecl cocos2d::PhysicsBody::setVelocity(class cocos2d::Vec2 const &)" (?setVelocity@PhysicsBody@cocos2d@@UEAAXAEBVVec2@2@@Z)
cocos2d.lib(CCPhysicsBody.obj) : error LNK2019: unresolved external symbol cpBodySetForce referenced in function "public: virtual void __cdecl cocos2d::PhysicsBody::resetForces(void)" (?resetForces@PhysicsBody@cocos2d@@UEAAXXZ)
cocos2d.lib(CCPhysicsBody.obj) : error LNK2019: unresolved external symbol cpBodyGetAngle referenced in function "public: float __cdecl cocos2d::PhysicsBody::getRotation(void)" (?getRotation@PhysicsBody@cocos2d@@QEAAMXZ)
cocos2d.lib(CCPhysicsBody.obj) : error LNK2019: unresolved external symbol cpBodySetAngle referenced in function "protected: virtual void __cdecl cocos2d::PhysicsBody::setRotation(float)" (?setRotation@PhysicsBody@cocos2d@@MEAAXM@Z)
cocos2d.lib(CCPhysicsBody.obj) : error LNK2019: unresolved external symbol cpBodyGetAngularVelocity referenced in function "public: virtual float __cdecl cocos2d::PhysicsBody::getAngularVelocity(void)" (?getAngularVelocity@PhysicsBody@cocos2d@@UEAAMXZ)
cocos2d.lib(CCPhysicsBody.obj) : error LNK2019: unresolved external symbol cpBodySetAngularVelocity referenced in function "public: virtual void __cdecl cocos2d::PhysicsBody::setAngularVelocity(float)" (?setAngularVelocity@PhysicsBody@cocos2d@@UEAAXM@Z)
cocos2d.lib(CCPhysicsBody.obj) : error LNK2019: unresolved external symbol cpBodySetTorque referenced in function "public: virtual void __cdecl cocos2d::PhysicsBody::applyTorque(float)" (?applyTorque@PhysicsBody@cocos2d@@UEAAXM@Z)
cocos2d.lib(CCPhysicsBody.obj) : error LNK2019: unresolved external symbol cpBodySetUserData referenced in function "protected: virtual bool __cdecl cocos2d::PhysicsBody::init(void)" (?init@PhysicsBody@cocos2d@@MEAA_NXZ)
cocos2d.lib(CCPhysicsBody.obj) : error LNK2019: unresolved external symbol cpBodySetVelocityUpdateFunc referenced in function "protected: virtual bool __cdecl cocos2d::PhysicsBody::init(void)" (?init@PhysicsBody@cocos2d@@MEAA_NXZ)
cocos2d.lib(CCPhysicsBody.obj) : error LNK2019: unresolved external symbol cpBodyUpdateVelocity referenced in function "void __cdecl internalBodyUpdateVelocity(struct cpBody *,struct cpVect,float,float)" (?internalBodyUpdateVelocity@@YAXPEAUcpBody@@UcpVect@@MM@Z)
cocos2d.lib(CCPhysicsBody.obj) : error LNK2019: unresolved external symbol cpBodyLocalToWorld referenced in function "public: class cocos2d::Vec2 __cdecl cocos2d::PhysicsBody::local2World(class cocos2d::Vec2 const &)" (?local2World@PhysicsBody@cocos2d@@QEAA?AVVec2@2@AEBV32@@Z)
cocos2d.lib(CCPhysicsBody.obj) : error LNK2019: unresolved external symbol cpBodyWorldToLocal referenced in function "public: class cocos2d::Vec2 __cdecl cocos2d::PhysicsBody::world2Local(class cocos2d::Vec2 const &)" (?world2Local@PhysicsBody@cocos2d@@QEAA?AVVec2@2@AEBV32@@Z)
cocos2d.lib(CCPhysicsBody.obj) : error LNK2019: unresolved external symbol cpBodyApplyForceAtLocalPoint referenced in function "public: virtual void __cdecl cocos2d::PhysicsBody::applyForce(class cocos2d::Vec2 const &,class cocos2d::Vec2 const &)" (?applyForce@PhysicsBody@cocos2d@@UEAAXAEBVVec2@2@0@Z)
cocos2d.lib(CCPhysicsBody.obj) : error LNK2019: unresolved external symbol cpBodyApplyImpulseAtLocalPoint referenced in function "public: virtual void __cdecl cocos2d::PhysicsBody::applyImpulse(class cocos2d::Vec2 const &,class cocos2d::Vec2 const &)" (?applyImpulse@PhysicsBody@cocos2d@@UEAAXAEBVVec2@2@0@Z)
cocos2d.lib(CCPhysicsBody.obj) : error LNK2019: unresolved external symbol cpBodyGetVelocityAtWorldPoint referenced in function "public: virtual class cocos2d::Vec2 __cdecl cocos2d::PhysicsBody::getVelocityAtWorldPoint(class cocos2d::Vec2 const &)" (?getVelocityAtWorldPoint@PhysicsBody@cocos2d@@UEAA?AVVec2@2@AEBV32@@Z)
cocos2d.lib(CCPhysicsBody.obj) : error LNK2019: unresolved external symbol cpBodyGetVelocityAtLocalPoint referenced in function "public: virtual class cocos2d::Vec2 __cdecl cocos2d::PhysicsBody::getVelocityAtLocalPoint(class cocos2d::Vec2 const &)" (?getVelocityAtLocalPoint@PhysicsBody@cocos2d@@UEAA?AVVec2@2@AEBV32@@Z)
cocos2d.lib(CCPhysicsContact.obj) : error LNK2019: unresolved external symbol cpArbiterGetRestitution referenced in function "public: float __cdecl cocos2d::PhysicsContactPreSolve::getRestitution(void)const " (?getRestitution@PhysicsContactPreSolve@cocos2d@@QEBAMXZ)
cocos2d.lib(CCPhysicsContact.obj) : error LNK2019: unresolved external symbol cpArbiterSetRestitution referenced in function "public: void __cdecl cocos2d::PhysicsContactPreSolve::setRestitution(float)" (?setRestitution@PhysicsContactPreSolve@cocos2d@@QEAAXM@Z)
cocos2d.lib(CCPhysicsContact.obj) : error LNK2019: unresolved external symbol cpArbiterGetFriction referenced in function "public: float __cdecl cocos2d::PhysicsContactPreSolve::getFriction(void)const " (?getFriction@PhysicsContactPreSolve@cocos2d@@QEBAMXZ)
cocos2d.lib(CCPhysicsContact.obj) : error LNK2019: unresolved external symbol cpArbiterSetFriction referenced in function "public: void __cdecl cocos2d::PhysicsContactPreSolve::setFriction(float)" (?setFriction@PhysicsContactPreSolve@cocos2d@@QEAAXM@Z)
cocos2d.lib(CCPhysicsContact.obj) : error LNK2019: unresolved external symbol cpArbiterGetSurfaceVelocity referenced in function "public: class cocos2d::Vec2 __cdecl cocos2d::PhysicsContactPreSolve::getSurfaceVelocity(void)const " (?getSurfaceVelocity@PhysicsContactPreSolve@cocos2d@@QEBA?AVVec2@2@XZ)
cocos2d.lib(CCPhysicsContact.obj) : error LNK2019: unresolved external symbol cpArbiterSetSurfaceVelocity referenced in function "public: void __cdecl cocos2d::PhysicsContactPreSolve::setSurfaceVelocity(class cocos2d::Vec2 const &)" (?setSurfaceVelocity@PhysicsContactPreSolve@cocos2d@@QEAAXAEBVVec2@2@@Z)
cocos2d.lib(CCPhysicsContact.obj) : error LNK2019: unresolved external symbol cpArbiterIgnore referenced in function "public: void __cdecl cocos2d::PhysicsContactPreSolve::ignore(void)" (?ignore@PhysicsContactPreSolve@cocos2d@@QEAAXXZ)
cocos2d.lib(CCPhysicsContact.obj) : error LNK2019: unresolved external symbol cpArbiterGetCount referenced in function "private: void __cdecl cocos2d::PhysicsContact::generateContactData(void)" (?generateContactData@PhysicsContact@cocos2d@@AEAAXXZ)
cocos2d.lib(CCPhysicsContact.obj) : error LNK2019: unresolved external symbol cpArbiterGetNormal referenced in function "private: void __cdecl cocos2d::PhysicsContact::generateContactData(void)" (?generateContactData@PhysicsContact@cocos2d@@AEAAXXZ)
cocos2d.lib(CCPhysicsContact.obj) : error LNK2019: unresolved external symbol cpArbiterGetPointA referenced in function "private: void __cdecl cocos2d::PhysicsContact::generateContactData(void)" (?generateContactData@PhysicsContact@cocos2d@@AEAAXXZ)
cocos2d.lib(CCPhysicsJoint.obj) : error LNK2019: unresolved external symbol cpConstraintFree referenced in function "protected: virtual __cdecl cocos2d::PhysicsJoint::~PhysicsJoint(void)" (??1PhysicsJoint@cocos2d@@MEAA@XZ)
cocos2d.lib(CCPhysicsJoint.obj) : error LNK2019: unresolved external symbol cpConstraintSetMaxForce referenced in function "public: void __cdecl cocos2d::PhysicsJoint::setMaxForce(float)" (?setMaxForce@PhysicsJoint@cocos2d@@QEAAXM@Z)
cocos2d.lib(CCPhysicsJoint.obj) : error LNK2019: unresolved external symbol cpConstraintSetErrorBias referenced in function "protected: bool __cdecl cocos2d::PhysicsJoint::initJoint(void)" (?initJoint@PhysicsJoint@cocos2d@@IEAA_NXZ)
cocos2d.lib(CCPhysicsJoint.obj) : error LNK2019: unresolved external symbol cpPinJointNew referenced in function "public: virtual bool __cdecl cocos2d::PhysicsJointDistance::createConstraints(void)" (?createConstraints@PhysicsJointDistance@cocos2d@@UEAA_NXZ)
cocos2d.lib(CCPhysicsJoint.obj) : error LNK2019: unresolved external symbol cpPinJointGetDist referenced in function "public: float __cdecl cocos2d::PhysicsJointDistance::getDistance(void)const " (?getDistance@PhysicsJointDistance@cocos2d@@QEBAMXZ)
cocos2d.lib(CCPhysicsJoint.obj) : error LNK2019: unresolved external symbol cpPinJointSetDist referenced in function "public: void __cdecl cocos2d::PhysicsJointDistance::setDistance(float)" (?setDistance@PhysicsJointDistance@cocos2d@@QEAAXM@Z)
cocos2d.lib(CCPhysicsJoint.obj) : error LNK2019: unresolved external symbol cpSlideJointNew referenced in function "public: virtual bool __cdecl cocos2d::PhysicsJointLimit::createConstraints(void)" (?createConstraints@PhysicsJointLimit@cocos2d@@UEAA_NXZ)
cocos2d.lib(CCPhysicsJoint.obj) : error LNK2019: unresolved external symbol cpSlideJointGetAnchorA referenced in function "public: class cocos2d::Vec2 __cdecl cocos2d::PhysicsJointLimit::getAnchr1(void)const " (?getAnchr1@PhysicsJointLimit@cocos2d@@QEBA?AVVec2@2@XZ)
cocos2d.lib(CCPhysicsJoint.obj) : error LNK2019: unresolved external symbol cpSlideJointSetAnchorA referenced in function "public: void __cdecl cocos2d::PhysicsJointLimit::setAnchr1(class cocos2d::Vec2 const &)" (?setAnchr1@PhysicsJointLimit@cocos2d@@QEAAXAEBVVec2@2@@Z)
cocos2d.lib(CCPhysicsJoint.obj) : error LNK2019: unresolved external symbol cpSlideJointGetAnchorB referenced in function "public: class cocos2d::Vec2 __cdecl cocos2d::PhysicsJointLimit::getAnchr2(void)const " (?getAnchr2@PhysicsJointLimit@cocos2d@@QEBA?AVVec2@2@XZ)
cocos2d.lib(CCPhysicsJoint.obj) : error LNK2019: unresolved external symbol cpSlideJointSetAnchorB referenced in function "public: void __cdecl cocos2d::PhysicsJointLimit::setAnchr2(class cocos2d::Vec2 const &)" (?setAnchr2@PhysicsJointLimit@cocos2d@@QEAAXAEBVVec2@2@@Z)
cocos2d.lib(CCPhysicsJoint.obj) : error LNK2019: unresolved external symbol cpSlideJointGetMin referenced in function "public: float __cdecl cocos2d::PhysicsJointLimit::getMin(void)const " (?getMin@PhysicsJointLimit@cocos2d@@QEBAMXZ)
cocos2d.lib(CCPhysicsJoint.obj) : error LNK2019: unresolved external symbol cpSlideJointSetMin referenced in function "public: void __cdecl cocos2d::PhysicsJointLimit::setMin(float)" (?setMin@PhysicsJointLimit@cocos2d@@QEAAXM@Z)
cocos2d.lib(CCPhysicsJoint.obj) : error LNK2019: unresolved external symbol cpSlideJointGetMax referenced in function "public: float __cdecl cocos2d::PhysicsJointLimit::getMax(void)const " (?getMax@PhysicsJointLimit@cocos2d@@QEBAMXZ)
cocos2d.lib(CCPhysicsJoint.obj) : error LNK2019: unresolved external symbol cpSlideJointSetMax referenced in function "public: void __cdecl cocos2d::PhysicsJointLimit::setMax(float)" (?setMax@PhysicsJointLimit@cocos2d@@QEAAXM@Z)
cocos2d.lib(CCPhysicsJoint.obj) : error LNK2019: unresolved external symbol cpPivotJointNew referenced in function "public: virtual bool __cdecl cocos2d::PhysicsJointFixed::createConstraints(void)" (?createConstraints@PhysicsJointFixed@cocos2d@@UEAA_NXZ)
cocos2d.lib(CCPhysicsJoint.obj) : error LNK2019: unresolved external symbol cpPivotJointNew2 referenced in function "public: virtual bool __cdecl cocos2d::PhysicsJointPin::createConstraints(void)" (?createConstraints@PhysicsJointPin@cocos2d@@UEAA_NXZ)
cocos2d.lib(CCPhysicsJoint.obj) : error LNK2019: unresolved external symbol cpGrooveJointNew referenced in function "public: virtual bool __cdecl cocos2d::PhysicsJointGroove::createConstraints(void)" (?createConstraints@PhysicsJointGroove@cocos2d@@UEAA_NXZ)
cocos2d.lib(CCPhysicsJoint.obj) : error LNK2019: unresolved external symbol cpGrooveJointGetGrooveA referenced in function "public: class cocos2d::Vec2 __cdecl cocos2d::PhysicsJointGroove::getGrooveA(void)const " (?getGrooveA@PhysicsJointGroove@cocos2d@@QEBA?AVVec2@2@XZ)
cocos2d.lib(CCPhysicsJoint.obj) : error LNK2019: unresolved external symbol cpGrooveJointSetGrooveA referenced in function "public: void __cdecl cocos2d::PhysicsJointGroove::setGrooveA(class cocos2d::Vec2 const &)" (?setGrooveA@PhysicsJointGroove@cocos2d@@QEAAXAEBVVec2@2@@Z)
cocos2d.lib(CCPhysicsJoint.obj) : error LNK2019: unresolved external symbol cpGrooveJointGetGrooveB referenced in function "public: class cocos2d::Vec2 __cdecl cocos2d::PhysicsJointGroove::getGrooveB(void)const " (?getGrooveB@PhysicsJointGroove@cocos2d@@QEBA?AVVec2@2@XZ)
cocos2d.lib(CCPhysicsJoint.obj) : error LNK2019: unresolved external symbol cpGrooveJointSetGrooveB referenced in function "public: void __cdecl cocos2d::PhysicsJointGroove::setGrooveB(class cocos2d::Vec2 const &)" (?setGrooveB@PhysicsJointGroove@cocos2d@@QEAAXAEBVVec2@2@@Z)
cocos2d.lib(CCPhysicsJoint.obj) : error LNK2019: unresolved external symbol cpGrooveJointGetAnchorB referenced in function "public: class cocos2d::Vec2 __cdecl cocos2d::PhysicsJointGroove::getAnchr2(void)const " (?getAnchr2@PhysicsJointGroove@cocos2d@@QEBA?AVVec2@2@XZ)
cocos2d.lib(CCPhysicsJoint.obj) : error LNK2019: unresolved external symbol cpGrooveJointSetAnchorB referenced in function "public: void __cdecl cocos2d::PhysicsJointGroove::setAnchr2(class cocos2d::Vec2 const &)" (?setAnchr2@PhysicsJointGroove@cocos2d@@QEAAXAEBVVec2@2@@Z)
cocos2d.lib(CCPhysicsJoint.obj) : error LNK2019: unresolved external symbol cpDampedSpringNew referenced in function "public: virtual bool __cdecl cocos2d::PhysicsJointSpring::createConstraints(void)" (?createConstraints@PhysicsJointSpring@cocos2d@@UEAA_NXZ)
cocos2d.lib(CCPhysicsJoint.obj) : error LNK2019: unresolved external symbol cpDampedSpringGetAnchorA referenced in function "public: class cocos2d::Vec2 __cdecl cocos2d::PhysicsJointSpring::getAnchr1(void)const " (?getAnchr1@PhysicsJointSpring@cocos2d@@QEBA?AVVec2@2@XZ)
cocos2d.lib(CCPhysicsJoint.obj) : error LNK2019: unresolved external symbol cpDampedSpringSetAnchorA referenced in function "public: void __cdecl cocos2d::PhysicsJointSpring::setAnchr1(class cocos2d::Vec2 const &)" (?setAnchr1@PhysicsJointSpring@cocos2d@@QEAAXAEBVVec2@2@@Z)
cocos2d.lib(CCPhysicsJoint.obj) : error LNK2019: unresolved external symbol cpDampedSpringGetAnchorB referenced in function "public: class cocos2d::Vec2 __cdecl cocos2d::PhysicsJointSpring::getAnchr2(void)const " (?getAnchr2@PhysicsJointSpring@cocos2d@@QEBA?AVVec2@2@XZ)
cocos2d.lib(CCPhysicsJoint.obj) : error LNK2019: unresolved external symbol cpDampedSpringSetAnchorB referenced in function "public: void __cdecl cocos2d::PhysicsJointSpring::setAnchr2(class cocos2d::Vec2 const &)" (?setAnchr2@PhysicsJointSpring@cocos2d@@QEAAXAEBVVec2@2@@Z)
cocos2d.lib(CCPhysicsJoint.obj) : error LNK2019: unresolved external symbol cpDampedSpringGetRestLength referenced in function "public: float __cdecl cocos2d::PhysicsJointSpring::getRestLength(void)const " (?getRestLength@PhysicsJointSpring@cocos2d@@QEBAMXZ)
cocos2d.lib(CCPhysicsJoint.obj) : error LNK2019: unresolved external symbol cpDampedSpringSetRestLength referenced in function "public: void __cdecl cocos2d::PhysicsJointSpring::setRestLength(float)" (?setRestLength@PhysicsJointSpring@cocos2d@@QEAAXM@Z)
cocos2d.lib(CCPhysicsJoint.obj) : error LNK2019: unresolved external symbol cpDampedSpringGetStiffness referenced in function "public: float __cdecl cocos2d::PhysicsJointSpring::getStiffness(void)const " (?getStiffness@PhysicsJointSpring@cocos2d@@QEBAMXZ)
cocos2d.lib(CCPhysicsJoint.obj) : error LNK2019: unresolved external symbol cpDampedSpringSetStiffness referenced in function "public: void __cdecl cocos2d::PhysicsJointSpring::setStiffness(float)" (?setStiffness@PhysicsJointSpring@cocos2d@@QEAAXM@Z)
cocos2d.lib(CCPhysicsJoint.obj) : error LNK2019: unresolved external symbol cpDampedSpringGetDamping referenced in function "public: float __cdecl cocos2d::PhysicsJointSpring::getDamping(void)const " (?getDamping@PhysicsJointSpring@cocos2d@@QEBAMXZ)
cocos2d.lib(CCPhysicsJoint.obj) : error LNK2019: unresolved external symbol cpDampedSpringSetDamping referenced in function "public: void __cdecl cocos2d::PhysicsJointSpring::setDamping(float)" (?setDamping@PhysicsJointSpring@cocos2d@@QEAAXM@Z)
cocos2d.lib(CCPhysicsJoint.obj) : error LNK2019: unresolved external symbol cpDampedRotarySpringNew referenced in function "public: virtual bool __cdecl cocos2d::PhysicsJointRotarySpring::createConstraints(void)" (?createConstraints@PhysicsJointRotarySpring@cocos2d@@UEAA_NXZ)
cocos2d.lib(CCPhysicsJoint.obj) : error LNK2019: unresolved external symbol cpDampedRotarySpringGetRestAngle referenced in function "public: float __cdecl cocos2d::PhysicsJointRotarySpring::getRestAngle(void)const " (?getRestAngle@PhysicsJointRotarySpring@cocos2d@@QEBAMXZ)
cocos2d.lib(CCPhysicsJoint.obj) : error LNK2019: unresolved external symbol cpDampedRotarySpringSetRestAngle referenced in function "public: void __cdecl cocos2d::PhysicsJointRotarySpring::setRestAngle(float)" (?setRestAngle@PhysicsJointRotarySpring@cocos2d@@QEAAXM@Z)
cocos2d.lib(CCPhysicsJoint.obj) : error LNK2019: unresolved external symbol cpDampedRotarySpringGetStiffness referenced in function "public: float __cdecl cocos2d::PhysicsJointRotarySpring::getStiffness(void)const " (?getStiffness@PhysicsJointRotarySpring@cocos2d@@QEBAMXZ)
cocos2d.lib(CCPhysicsJoint.obj) : error LNK2019: unresolved external symbol cpDampedRotarySpringSetStiffness referenced in function "public: void __cdecl cocos2d::PhysicsJointRotarySpring::setStiffness(float)" (?setStiffness@PhysicsJointRotarySpring@cocos2d@@QEAAXM@Z)
cocos2d.lib(CCPhysicsJoint.obj) : error LNK2019: unresolved external symbol cpDampedRotarySpringGetDamping referenced in function "public: float __cdecl cocos2d::PhysicsJointRotarySpring::getDamping(void)const " (?getDamping@PhysicsJointRotarySpring@cocos2d@@QEBAMXZ)
cocos2d.lib(CCPhysicsJoint.obj) : error LNK2019: unresolved external symbol cpDampedRotarySpringSetDamping referenced in function "public: void __cdecl cocos2d::PhysicsJointRotarySpring::setDamping(float)" (?setDamping@PhysicsJointRotarySpring@cocos2d@@QEAAXM@Z)
cocos2d.lib(CCPhysicsJoint.obj) : error LNK2019: unresolved external symbol cpRotaryLimitJointNew referenced in function "public: virtual bool __cdecl cocos2d::PhysicsJointRotaryLimit::createConstraints(void)" (?createConstraints@PhysicsJointRotaryLimit@cocos2d@@UEAA_NXZ)
cocos2d.lib(CCPhysicsJoint.obj) : error LNK2019: unresolved external symbol cpRotaryLimitJointGetMin referenced in function "public: float __cdecl cocos2d::PhysicsJointRotaryLimit::getMin(void)const " (?getMin@PhysicsJointRotaryLimit@cocos2d@@QEBAMXZ)
cocos2d.lib(CCPhysicsJoint.obj) : error LNK2019: unresolved external symbol cpRotaryLimitJointSetMin referenced in function "public: void __cdecl cocos2d::PhysicsJointRotaryLimit::setMin(float)" (?setMin@PhysicsJointRotaryLimit@cocos2d@@QEAAXM@Z)
cocos2d.lib(CCPhysicsJoint.obj) : error LNK2019: unresolved external symbol cpRotaryLimitJointGetMax referenced in function "public: float __cdecl cocos2d::PhysicsJointRotaryLimit::getMax(void)const " (?getMax@PhysicsJointRotaryLimit@cocos2d@@QEBAMXZ)
cocos2d.lib(CCPhysicsJoint.obj) : error LNK2019: unresolved external symbol cpRotaryLimitJointSetMax referenced in function "public: void __cdecl cocos2d::PhysicsJointRotaryLimit::setMax(float)" (?setMax@PhysicsJointRotaryLimit@cocos2d@@QEAAXM@Z)
cocos2d.lib(CCPhysicsJoint.obj) : error LNK2019: unresolved external symbol cpRatchetJointNew referenced in function "public: virtual bool __cdecl cocos2d::PhysicsJointRatchet::createConstraints(void)" (?createConstraints@PhysicsJointRatchet@cocos2d@@UEAA_NXZ)
cocos2d.lib(CCPhysicsJoint.obj) : error LNK2019: unresolved external symbol cpRatchetJointGetAngle referenced in function "public: float __cdecl cocos2d::PhysicsJointRatchet::getAngle(void)const " (?getAngle@PhysicsJointRatchet@cocos2d@@QEBAMXZ)
cocos2d.lib(CCPhysicsJoint.obj) : error LNK2019: unresolved external symbol cpRatchetJointSetAngle referenced in function "public: void __cdecl cocos2d::PhysicsJointRatchet::setAngle(float)" (?setAngle@PhysicsJointRatchet@cocos2d@@QEAAXM@Z)
cocos2d.lib(CCPhysicsJoint.obj) : error LNK2019: unresolved external symbol cpRatchetJointGetPhase referenced in function "public: float __cdecl cocos2d::PhysicsJointRatchet::getPhase(void)const " (?getPhase@PhysicsJointRatchet@cocos2d@@QEBAMXZ)
cocos2d.lib(CCPhysicsJoint.obj) : error LNK2019: unresolved external symbol cpRatchetJointSetPhase referenced in function "public: void __cdecl cocos2d::PhysicsJointRatchet::setPhase(float)" (?setPhase@PhysicsJointRatchet@cocos2d@@QEAAXM@Z)
cocos2d.lib(CCPhysicsJoint.obj) : error LNK2019: unresolved external symbol cpRatchetJointGetRatchet referenced in function "public: float __cdecl cocos2d::PhysicsJointRatchet::getRatchet(void)const " (?getRatchet@PhysicsJointRatchet@cocos2d@@QEBAMXZ)
cocos2d.lib(CCPhysicsJoint.obj) : error LNK2019: unresolved external symbol cpRatchetJointSetRatchet referenced in function "public: void __cdecl cocos2d::PhysicsJointRatchet::setRatchet(float)" (?setRatchet@PhysicsJointRatchet@cocos2d@@QEAAXM@Z)
cocos2d.lib(CCPhysicsJoint.obj) : error LNK2019: unresolved external symbol cpGearJointNew referenced in function "public: virtual bool __cdecl cocos2d::PhysicsJointFixed::createConstraints(void)" (?createConstraints@PhysicsJointFixed@cocos2d@@UEAA_NXZ)
cocos2d.lib(CCPhysicsJoint.obj) : error LNK2019: unresolved external symbol cpGearJointGetPhase referenced in function "public: float __cdecl cocos2d::PhysicsJointGear::getPhase(void)const " (?getPhase@PhysicsJointGear@cocos2d@@QEBAMXZ)
cocos2d.lib(CCPhysicsJoint.obj) : error LNK2019: unresolved external symbol cpGearJointSetPhase referenced in function "public: void __cdecl cocos2d::PhysicsJointGear::setPhase(float)" (?setPhase@PhysicsJointGear@cocos2d@@QEAAXM@Z)
cocos2d.lib(CCPhysicsJoint.obj) : error LNK2019: unresolved external symbol cpGearJointGetRatio referenced in function "public: float __cdecl cocos2d::PhysicsJointGear::getRatio(void)const " (?getRatio@PhysicsJointGear@cocos2d@@QEBAMXZ)
cocos2d.lib(CCPhysicsJoint.obj) : error LNK2019: unresolved external symbol cpGearJointSetRatio referenced in function "public: void __cdecl cocos2d::PhysicsJointGear::setRatio(float)" (?setRatio@PhysicsJointGear@cocos2d@@QEAAXM@Z)
cocos2d.lib(CCPhysicsJoint.obj) : error LNK2019: unresolved external symbol cpSimpleMotorNew referenced in function "public: virtual bool __cdecl cocos2d::PhysicsJointMotor::createConstraints(void)" (?createConstraints@PhysicsJointMotor@cocos2d@@UEAA_NXZ)
cocos2d.lib(CCPhysicsJoint.obj) : error LNK2019: unresolved external symbol cpSimpleMotorGetRate referenced in function "public: float __cdecl cocos2d::PhysicsJointMotor::getRate(void)const " (?getRate@PhysicsJointMotor@cocos2d@@QEBAMXZ)
cocos2d.lib(CCPhysicsJoint.obj) : error LNK2019: unresolved external symbol cpSimpleMotorSetRate referenced in function "public: void __cdecl cocos2d::PhysicsJointMotor::setRate(float)" (?setRate@PhysicsJointMotor@cocos2d@@QEAAXM@Z)
cocos2d.lib(CCPhysicsJoint.obj) : error LNK2019: unresolved external symbol cpSpaceAddConstraint referenced in function "protected: bool __cdecl cocos2d::PhysicsJoint::initJoint(void)" (?initJoint@PhysicsJoint@cocos2d@@IEAA_NXZ)
cocos2d.lib(CCPhysics3DObject.obj) : error LNK2019: unresolved external symbol "public: void __cdecl btCollisionObject::setActivationState(int)const " (?setActivationState@btCollisionObject@@QEBAXH@Z) referenced in function "public: void __cdecl cocos2d::Physics3DRigidBody::setKinematic(bool)" (?setKinematic@Physics3DRigidBody@cocos2d@@QEAAX_N@Z)
cocos2d.lib(CCPhysics3DObject.obj) : error LNK2001: unresolved external symbol "public: virtual char const * __cdecl btCollisionObject::serialize(void *,class btSerializer *)const " (?serialize@btCollisionObject@@UEBAPEBDPEAXPEAVbtSerializer@@@Z)
cocos2d.lib(CCPhysics3DObject.obj) : error LNK2001: unresolved external symbol "public: virtual void __cdecl btCollisionObject::serializeSingleObject(class btSerializer *)const " (?serializeSingleObject@btCollisionObject@@UEBAXPEAVbtSerializer@@@Z)
cocos2d.lib(CCPhysics3DObject.obj) : error LNK2019: unresolved external symbol "public: __cdecl btRigidBody::btRigidBody(struct btRigidBody::btRigidBodyConstructionInfo const &)" (??0btRigidBody@@QEAA@AEBUbtRigidBodyConstructionInfo@0@@Z) referenced in function "public: bool __cdecl cocos2d::Physics3DRigidBody::init(struct cocos2d::Physics3DRigidBodyDes *)" (?init@Physics3DRigidBody@cocos2d@@QEAA_NPEAUPhysics3DRigidBodyDes@2@@Z)
cocos2d.lib(CCPhysics3DObject.obj) : error LNK2019: unresolved external symbol "public: void __cdecl btRigidBody::setGravity(class btVector3 const &)" (?setGravity@btRigidBody@@QEAAXAEBVbtVector3@@@Z) referenced in function "public: void __cdecl cocos2d::Physics3DRigidBody::setGravity(class cocos2d::Vec3 const &)" (?setGravity@Physics3DRigidBody@cocos2d@@QEAAXAEBVVec3@2@@Z)
cocos2d.lib(CCPhysics3DObject.obj) : error LNK2019: unresolved external symbol "public: void __cdecl btRigidBody::setDamping(float,float)" (?setDamping@btRigidBody@@QEAAXMM@Z) referenced in function "public: void __cdecl cocos2d::Physics3DRigidBody::setDamping(float,float)" (?setDamping@Physics3DRigidBody@cocos2d@@QEAAXMM@Z)
cocos2d.lib(CCPhysics3DObject.obj) : error LNK2019: unresolved external symbol "public: void __cdecl btRigidBody::applyDamping(float)" (?applyDamping@btRigidBody@@QEAAXM@Z) referenced in function "public: void __cdecl cocos2d::Physics3DRigidBody::applyDamping(float)" (?applyDamping@Physics3DRigidBody@cocos2d@@QEAAXM@Z)
cocos2d.lib(CCPhysics3DObject.obj) : error LNK2019: unresolved external symbol "public: void __cdecl btRigidBody::setMassProps(float,class btVector3 const &)" (?setMassProps@btRigidBody@@QEAAXMAEBVbtVector3@@@Z) referenced in function "public: void __cdecl cocos2d::Physics3DRigidBody::setMassProps(float,class cocos2d::Vec3 const &)" (?setMassProps@Physics3DRigidBody@cocos2d@@QEAAXMAEBVVec3@2@@Z)
cocos2d.lib(CCPhysics3DObject.obj) : error LNK2019: unresolved external symbol "public: void __cdecl btRigidBody::setCenterOfMassTransform(class btTransform const &)" (?setCenterOfMassTransform@btRigidBody@@QEAAXAEBVbtTransform@@@Z) referenced in function "public: void __cdecl cocos2d::Physics3DRigidBody::setCenterOfMassTransform(class cocos2d::Mat4 const &)" (?setCenterOfMassTransform@Physics3DRigidBody@cocos2d@@QEAAXAEBVMat4@2@@Z)
cocos2d.lib(CCPhysics3DObject.obj) : error LNK2019: unresolved external symbol "public: __cdecl btGhostObject::btGhostObject(void)" (??0btGhostObject@@QEAA@XZ) referenced in function "public: __cdecl cocos2d::btCollider::btCollider(class cocos2d::Physics3DCollider *)" (??0btCollider@cocos2d@@QEAA@PEAVPhysics3DCollider@1@@Z)
cocos2d.lib(CCPhysics3DObject.obj) : error LNK2019: unresolved external symbol "public: virtual __cdecl btGhostObject::~btGhostObject(void)" (??1btGhostObject@@UEAA@XZ) referenced in function "public: virtual __cdecl cocos2d::btCollider::~btCollider(void)" (??1btCollider@cocos2d@@UEAA@XZ)
cocos2d.lib(RenderPipelineGL.obj) : error LNK2001: unresolved external symbol __imp___glewBlendFuncSeparate
cocos2d.lib(RenderPipelineGL.obj) : error LNK2001: unresolved external symbol __imp___glewBlendEquationSeparate
cocos2d.lib(BufferGL.obj) : error LNK2001: unresolved external symbol __imp___glewBindBuffer
cocos2d.lib(CommandBufferGL.obj) : error LNK2001: unresolved external symbol __imp___glewBindBuffer
cocos2d.lib(BufferGL.obj) : error LNK2001: unresolved external symbol __imp___glewBufferData
cocos2d.lib(BufferGL.obj) : error LNK2001: unresolved external symbol __imp___glewBufferSubData
cocos2d.lib(BufferGL.obj) : error LNK2001: unresolved external symbol __imp___glewDeleteBuffers
cocos2d.lib(BufferGL.obj) : error LNK2001: unresolved external symbol __imp___glewGenBuffers
cocos2d.lib(ShaderModuleGL.obj) : error LNK2001: unresolved external symbol __imp___glewCompileShader
cocos2d.lib(ShaderModuleGL.obj) : error LNK2001: unresolved external symbol __imp___glewCreateShader
cocos2d.lib(ShaderModuleGL.obj) : error LNK2001: unresolved external symbol __imp___glewDeleteShader
cocos2d.lib(ShaderModuleGL.obj) : error LNK2001: unresolved external symbol __imp___glewGetShaderInfoLog
cocos2d.lib(ShaderModuleGL.obj) : error LNK2001: unresolved external symbol __imp___glewGetShaderiv
cocos2d.lib(ShaderModuleGL.obj) : error LNK2001: unresolved external symbol __imp___glewShaderSource
cocos2d.lib(CommandBufferGL.obj) : error LNK2001: unresolved external symbol __imp___glewEnableVertexAttribArray
cocos2d.lib(CommandBufferGL.obj) : error LNK2001: unresolved external symbol __imp___glewUniform1f
cocos2d.lib(CommandBufferGL.obj) : error LNK2001: unresolved external symbol __imp___glewUniform1fv
cocos2d.lib(CommandBufferGL.obj) : error LNK2001: unresolved external symbol __imp___glewUniform1i
cocos2d.lib(CommandBufferGL.obj) : error LNK2001: unresolved external symbol __imp___glewUniform1iv
cocos2d.lib(CommandBufferGL.obj) : error LNK2001: unresolved external symbol __imp___glewUniform2f
cocos2d.lib(CommandBufferGL.obj) : error LNK2001: unresolved external symbol __imp___glewUniform2fv
cocos2d.lib(CommandBufferGL.obj) : error LNK2001: unresolved external symbol __imp___glewUniform2i
cocos2d.lib(CommandBufferGL.obj) : error LNK2001: unresolved external symbol __imp___glewUniform2iv
cocos2d.lib(CommandBufferGL.obj) : error LNK2001: unresolved external symbol __imp___glewUniform3f
cocos2d.lib(CommandBufferGL.obj) : error LNK2001: unresolved external symbol __imp___glewUniform3fv
cocos2d.lib(CommandBufferGL.obj) : error LNK2001: unresolved external symbol __imp___glewUniform3i
cocos2d.lib(CommandBufferGL.obj) : error LNK2001: unresolved external symbol __imp___glewUniform3iv
cocos2d.lib(CommandBufferGL.obj) : error LNK2001: unresolved external symbol __imp___glewUniform4f
cocos2d.lib(CommandBufferGL.obj) : error LNK2001: unresolved external symbol __imp___glewUniform4fv
cocos2d.lib(CommandBufferGL.obj) : error LNK2001: unresolved external symbol __imp___glewUniform4i
cocos2d.lib(CommandBufferGL.obj) : error LNK2001: unresolved external symbol __imp___glewUniform4iv
cocos2d.lib(CommandBufferGL.obj) : error LNK2001: unresolved external symbol __imp___glewUniformMatrix2fv
cocos2d.lib(CommandBufferGL.obj) : error LNK2001: unresolved external symbol __imp___glewUniformMatrix3fv
cocos2d.lib(CommandBufferGL.obj) : error LNK2001: unresolved external symbol __imp___glewUniformMatrix4fv
cocos2d.lib(CommandBufferGL.obj) : error LNK2001: unresolved external symbol __imp___glewUseProgram
cocos2d.lib(CommandBufferGL.obj) : error LNK2001: unresolved external symbol __imp___glewVertexAttribPointer
cocos2d.lib(TextureGL.obj) : error LNK2001: unresolved external symbol __imp___glewActiveTexture
cocos2d.lib(TextureGL.obj) : error LNK2001: unresolved external symbol __imp___glewCompressedTexImage2D
cocos2d.lib(TextureGL.obj) : error LNK2001: unresolved external symbol __imp___glewCompressedTexSubImage2D
cocos2d.lib(DepthStencilStateGL.obj) : error LNK2001: unresolved external symbol __imp___glewStencilFuncSeparate
cocos2d.lib(DepthStencilStateGL.obj) : error LNK2001: unresolved external symbol __imp___glewStencilMaskSeparate
cocos2d.lib(DepthStencilStateGL.obj) : error LNK2001: unresolved external symbol __imp___glewStencilOpSeparate
cocos2d.lib(ProgramGL.obj) : error LNK2001: unresolved external symbol __imp___glewAttachShader
cocos2d.lib(ProgramGL.obj) : error LNK2001: unresolved external symbol __imp___glewCreateProgram
cocos2d.lib(ProgramGL.obj) : error LNK2001: unresolved external symbol __imp___glewDeleteProgram
cocos2d.lib(ProgramGL.obj) : error LNK2001: unresolved external symbol __imp___glewGetActiveAttrib
cocos2d.lib(ProgramGL.obj) : error LNK2001: unresolved external symbol __imp___glewGetActiveUniform
cocos2d.lib(ProgramGL.obj) : error LNK2001: unresolved external symbol __imp___glewGetAttribLocation
cocos2d.lib(ProgramGL.obj) : error LNK2001: unresolved external symbol __imp___glewGetProgramiv
cocos2d.lib(ProgramGL.obj) : error LNK2001: unresolved external symbol __imp___glewGetUniformLocation
cocos2d.lib(ProgramGL.obj) : error LNK2001: unresolved external symbol __imp___glewLinkProgram
cocos2d.lib(CCPhysicsShape.obj) : error LNK2019: unresolved external symbol cpBodyNewStatic referenced in function "protected: __cdecl cocos2d::PhysicsShape::PhysicsShape(void)" (??0PhysicsShape@cocos2d@@IEAA@XZ)
cocos2d.lib(CCPhysicsShape.obj) : error LNK2019: unresolved external symbol cpShapeFree referenced in function "protected: virtual __cdecl cocos2d::PhysicsShape::~PhysicsShape(void)" (??1PhysicsShape@cocos2d@@MEAA@XZ)
cocos2d.lib(CCPhysicsShape.obj) : error LNK2019: unresolved external symbol cpShapePointQuery referenced in function "public: bool __cdecl cocos2d::PhysicsShape::containsPoint(class cocos2d::Vec2 const &)const " (?containsPoint@PhysicsShape@cocos2d@@QEBA_NAEBVVec2@2@@Z)
cocos2d.lib(CCPhysicsShape.obj) : error LNK2019: unresolved external symbol cpShapeSetBody referenced in function "protected: void __cdecl cocos2d::PhysicsShape::setBody(class cocos2d::PhysicsBody *)" (?setBody@PhysicsShape@cocos2d@@IEAAXPEAVPhysicsBody@2@@Z)
cocos2d.lib(CCPhysicsShape.obj) : error LNK2019: unresolved external symbol cpShapeSetSensor referenced in function "public: void __cdecl cocos2d::PhysicsShape::setSensor(bool)" (?setSensor@PhysicsShape@cocos2d@@QEAAX_N@Z)
cocos2d.lib(CCPhysicsShape.obj) : error LNK2019: unresolved external symbol cpShapeSetElasticity referenced in function "public: void __cdecl cocos2d::PhysicsShape::setRestitution(float)" (?setRestitution@PhysicsShape@cocos2d@@QEAAXM@Z)
cocos2d.lib(CCPhysicsShape.obj) : error LNK2019: unresolved external symbol cpShapeSetFriction referenced in function "public: void __cdecl cocos2d::PhysicsShape::setFriction(float)" (?setFriction@PhysicsShape@cocos2d@@QEAAXM@Z)
cocos2d.lib(CCPhysicsShape.obj) : error LNK2019: unresolved external symbol cpShapeSetUserData referenced in function "protected: void __cdecl cocos2d::PhysicsShape::addShape(struct cpShape *)" (?addShape@PhysicsShape@cocos2d@@IEAAXPEAUcpShape@@@Z)
cocos2d.lib(CCPhysicsShape.obj) : error LNK2019: unresolved external symbol cpShapeSetFilter referenced in function "public: void __cdecl cocos2d::PhysicsShape::setGroup(int)" (?setGroup@PhysicsShape@cocos2d@@QEAAXH@Z)
cocos2d.lib(CCPhysicsShape.obj) : error LNK2019: unresolved external symbol cpCircleShapeNew referenced in function "protected: bool __cdecl cocos2d::PhysicsShapeCircle::init(float,struct cocos2d::PhysicsMaterial const &,class cocos2d::Vec2 const &)" (?init@PhysicsShapeCircle@cocos2d@@IEAA_NMAEBUPhysicsMaterial@2@AEBVVec2@2@@Z)
cocos2d.lib(CCPhysicsShape.obj) : error LNK2019: unresolved external symbol cpCircleShapeGetOffset referenced in function "public: virtual float __cdecl cocos2d::PhysicsShapeCircle::calculateDefaultMoment(void)" (?calculateDefaultMoment@PhysicsShapeCircle@cocos2d@@UEAAMXZ)
cocos2d.lib(CCPhysicsShape.obj) : error LNK2019: unresolved external symbol cpCircleShapeGetRadius referenced in function "public: virtual float __cdecl cocos2d::PhysicsShapeCircle::calculateDefaultMoment(void)" (?calculateDefaultMoment@PhysicsShapeCircle@cocos2d@@UEAAMXZ)
cocos2d.lib(CCPhysicsShape.obj) : error LNK2019: unresolved external symbol cpSegmentShapeNew referenced in function "protected: bool __cdecl cocos2d::PhysicsShapeEdgeSegment::init(class cocos2d::Vec2 const &,class cocos2d::Vec2 const &,struct cocos2d::PhysicsMaterial const &,float)" (?init@PhysicsShapeEdgeSegment@cocos2d@@IEAA_NAEBVVec2@2@0AEBUPhysicsMaterial@2@M@Z)
cocos2d.lib(CCPhysicsShape.obj) : error LNK2019: unresolved external symbol cpSegmentShapeGetA referenced in function "public: class cocos2d::Vec2 __cdecl cocos2d::PhysicsShapeEdgeSegment::getPointA(void)const " (?getPointA@PhysicsShapeEdgeSegment@cocos2d@@QEBA?AVVec2@2@XZ)
cocos2d.lib(CCPhysicsShape.obj) : error LNK2019: unresolved external symbol cpSegmentShapeGetB referenced in function "public: class cocos2d::Vec2 __cdecl cocos2d::PhysicsShapeEdgeSegment::getPointB(void)const " (?getPointB@PhysicsShapeEdgeSegment@cocos2d@@QEBA?AVVec2@2@XZ)
cocos2d.lib(CCPhysicsShape.obj) : error LNK2019: unresolved external symbol cpPolyShapeNew referenced in function "protected: bool __cdecl cocos2d::PhysicsShapePolygon::init(class cocos2d::Vec2 const *,int,struct cocos2d::PhysicsMaterial const &,class cocos2d::Vec2 const &,float)" (?init@PhysicsShapePolygon@cocos2d@@IEAA_NPEBVVec2@2@HAEBUPhysicsMaterial@2@AEBV32@M@Z)
cocos2d.lib(CCPhysicsShape.obj) : error LNK2019: unresolved external symbol cpPolyShapeGetCount referenced in function "public: virtual float __cdecl cocos2d::PhysicsShapePolygon::calculateDefaultMoment(void)" (?calculateDefaultMoment@PhysicsShapePolygon@cocos2d@@UEAAMXZ)
cocos2d.lib(CCPhysicsShape.obj) : error LNK2019: unresolved external symbol cpPolyShapeGetVert referenced in function "public: virtual float __cdecl cocos2d::PhysicsShapePolygon::calculateDefaultMoment(void)" (?calculateDefaultMoment@PhysicsShapePolygon@cocos2d@@UEAAMXZ)
cocos2d.lib(CCPhysicsShape.obj) : error LNK2019: unresolved external symbol cpPolyShapeGetRadius referenced in function "public: virtual float __cdecl cocos2d::PhysicsShapePolygon::calculateDefaultMoment(void)" (?calculateDefaultMoment@PhysicsShapePolygon@cocos2d@@UEAAMXZ)
cocos2d.lib(CCPhysicsShape.obj) : error LNK2019: unresolved external symbol cpMomentForCircle referenced in function "public: static float __cdecl cocos2d::PhysicsShapeCircle::calculateMoment(float,float,class cocos2d::Vec2 const &)" (?calculateMoment@PhysicsShapeCircle@cocos2d@@SAMMMAEBVVec2@2@@Z)
cocos2d.lib(CCPhysicsShape.obj) : error LNK2019: unresolved external symbol cpAreaForCircle referenced in function "public: static float __cdecl cocos2d::PhysicsShapeCircle::calculateArea(float)" (?calculateArea@PhysicsShapeCircle@cocos2d@@SAMM@Z)
cocos2d.lib(CCPhysicsShape.obj) : error LNK2019: unresolved external symbol cpMomentForPoly referenced in function "public: static float __cdecl cocos2d::PhysicsShapePolygon::calculateMoment(float,class cocos2d::Vec2 const *,int,class cocos2d::Vec2 const &,float)" (?calculateMoment@PhysicsShapePolygon@cocos2d@@SAMMPEBVVec2@2@HAEBV32@M@Z)
cocos2d.lib(CCPhysicsShape.obj) : error LNK2019: unresolved external symbol cpAreaForPoly referenced in function "public: static float __cdecl cocos2d::PhysicsShapePolygon::calculateArea(class cocos2d::Vec2 const *,int)" (?calculateArea@PhysicsShapePolygon@cocos2d@@SAMPEBVVec2@2@H@Z)
cocos2d.lib(CCPhysicsShape.obj) : error LNK2019: unresolved external symbol cpCentroidForPoly referenced in function "public: static void __cdecl cocos2d::PhysicsShape::recenterPoints(class cocos2d::Vec2 *,int,class cocos2d::Vec2 const &)" (?recenterPoints@PhysicsShape@cocos2d@@SAXPEAVVec2@2@HAEBV32@@Z)
cocos2d.lib(CCPhysicsShape.obj) : error LNK2019: unresolved external symbol cpCircleShapeSetRadius referenced in function "protected: virtual void __cdecl cocos2d::PhysicsShapeCircle::updateScale(void)" (?updateScale@PhysicsShapeCircle@cocos2d@@MEAAXXZ)
cocos2d.lib(CCPhysicsShape.obj) : error LNK2019: unresolved external symbol cpCircleShapeSetOffset referenced in function "protected: virtual void __cdecl cocos2d::PhysicsShapeCircle::updateScale(void)" (?updateScale@PhysicsShapeCircle@cocos2d@@MEAAXXZ)
cocos2d.lib(CCPhysicsShape.obj) : error LNK2019: unresolved external symbol cpSegmentShapeSetEndpoints referenced in function "protected: virtual void __cdecl cocos2d::PhysicsShapeEdgeSegment::updateScale(void)" (?updateScale@PhysicsShapeEdgeSegment@cocos2d@@MEAAXXZ)
cocos2d.lib(CCPhysicsShape.obj) : error LNK2019: unresolved external symbol cpPolyShapeSetVertsRaw referenced in function "protected: virtual void __cdecl cocos2d::PhysicsShapePolygon::updateScale(void)" (?updateScale@PhysicsShapePolygon@cocos2d@@MEAAXXZ)
ext_unzip.lib(unzip.obj) : error LNK2019: unresolved external symbol crc32 referenced in function "int __cdecl cocos2d::unzReadCurrentFile(void *,void *,unsigned int)" (?unzReadCurrentFile@cocos2d@@YAHPEAX0I@Z)
ext_unzip.lib(unzip.obj) : error LNK2019: unresolved external symbol get_crc_table referenced in function "int __cdecl cocos2d::unzOpenCurrentFile3(void *,int *,int *,int,char const *)" (?unzOpenCurrentFile3@cocos2d@@YAHPEAXPEAH1HPEBD@Z)
cocos2d\external\Box2D\prebuilt\win32\debug\libbox2d.lib : warning LNK4272: library machine type 'x86' conflicts with target machine type 'x64'
cocos2d\external\chipmunk\prebuilt\win32\debug-lib\libchipmunk.lib : warning LNK4272: library machine type 'x86' conflicts with target machine type 'x64'
cocos2d\external\freetype2\prebuilt\win32\freetype.lib : warning LNK4272: library machine type 'x86' conflicts with target machine type 'x64'
cocos2d\external\bullet\prebuilt\win32\debug\libbullet.lib : warning LNK4272: library machine type 'x86' conflicts with target machine type 'x64'
cocos2d\external\jpeg\prebuilt\win32\libjpeg.lib : warning LNK4272: library machine type 'x86' conflicts with target machine type 'x64'
cocos2d\external\webp\prebuilt\win32\libwebp.lib : warning LNK4272: library machine type 'x86' conflicts with target machine type 'x64'
cocos2d\external\websockets\prebuilt\win32\websockets.lib : warning LNK4272: library machine type 'x86' conflicts with target machine type 'x64'
cocos2d\external\openssl\prebuilt\win32\libssl.lib : warning LNK4272: library machine type 'x86' conflicts with target machine type 'x64'
cocos2d\external\openssl\prebuilt\win32\libcrypto.lib : warning LNK4272: library machine type 'x86' conflicts with target machine type 'x64'
cocos2d\external\uv\prebuilt\win32\uv_a.lib : warning LNK4272: library machine type 'x86' conflicts with target machine type 'x64'
cocos2d\external\curl\prebuilt\win32\libcurl.lib : warning LNK4272: library machine type 'x86' conflicts with target machine type 'x64'
cocos2d\external\png\prebuilt\win32\libpng.lib : warning LNK4272: library machine type 'x86' conflicts with target machine type 'x64'
cocos2d\external\win32-specific\gles\prebuilt\glew32.lib : warning LNK4272: library machine type 'x86' conflicts with target machine type 'x64'
cocos2d\external\win32-specific\icon\prebuilt\libiconv.lib : warning LNK4272: library machine type 'x86' conflicts with target machine type 'x64'
cocos2d\external\win32-specific\MP3Decoder\prebuilt\libmpg123.lib : warning LNK4272: library machine type 'x86' conflicts with target machine type 'x64'
cocos2d\external\win32-specific\OggDecoder\prebuilt\libogg.lib : warning LNK4272: library machine type 'x86' conflicts with target machine type 'x64'
cocos2d\external\win32-specific\OggDecoder\prebuilt\libvorbis.lib : warning LNK4272: library machine type 'x86' conflicts with target machine type 'x64'
cocos2d\external\win32-specific\OggDecoder\prebuilt\libvorbisfile.lib : warning LNK4272: library machine type 'x86' conflicts with target machine type 'x64'
cocos2d\external\win32-specific\OpenalSoft\prebuilt\OpenAL32.lib : warning LNK4272: library machine type 'x86' conflicts with target machine type 'x64'
cocos2d\external\glfw3\prebuilt\win32\glfw3.lib : warning LNK4272: library machine type 'x86' conflicts with target machine type 'x64'
cocos2d\external\zlib\..\win32-specific\zlib\prebuilt\libzlib.lib : warning LNK4272: library machine type 'x86' conflicts with target machine type 'x64'
S:\Game\bin\Game\Debug\Game.exe : fatal error LNK1120: 353 unresolved externals
